[12-Feb-2018 15:37:20 UTC] PHP Fatal error:  Call to undefined function loginForm() in /home/ubuntu/workspace/php-mini-projs/chat-app/index.php on line 46
[12-Feb-2018 15:37:20 UTC] PHP Stack trace:
[12-Feb-2018 15:37:20 UTC] PHP   1. {main}() /home/ubuntu/workspace/php-mini-projs/chat-app/index.php:0
[12-Feb-2018 15:37:25 UTC] PHP Fatal error:  Call to undefined function loginForm() in /home/ubuntu/workspace/php-mini-projs/chat-app/index.php on line 46
[12-Feb-2018 15:37:25 UTC] PHP Stack trace:
[12-Feb-2018 15:37:25 UTC] PHP   1. {main}() /home/ubuntu/workspace/php-mini-projs/chat-app/index.php:0
[12-Feb-2018 15:37:32 UTC] PHP Fatal error:  Call to undefined function loginForm() in /home/ubuntu/workspace/php-mini-projs/chat-app/index.php on line 46
[12-Feb-2018 15:37:32 UTC] PHP Stack trace:
[12-Feb-2018 15:37:32 UTC] PHP   1. {main}() /home/ubuntu/workspace/php-mini-projs/chat-app/index.php:0
[12-Feb-2018 15:38:56 UTC] PHP Fatal error:  Call to undefined function loginForm() in /home/ubuntu/workspace/php-mini-projs/chat-app/index.php on line 46
[12-Feb-2018 15:38:56 UTC] PHP Stack trace:
[12-Feb-2018 15:38:56 UTC] PHP   1. {main}() /home/ubuntu/workspace/php-mini-projs/chat-app/index.php:0
[12-Feb-2018 15:39:34 UTC] PHP Fatal error:  Call to undefined function loginForm() in /home/ubuntu/workspace/php-mini-projs/chat-app/index.php on line 46
[12-Feb-2018 15:39:34 UTC] PHP Stack trace:
[12-Feb-2018 15:39:34 UTC] PHP   1. {main}() /home/ubuntu/workspace/php-mini-projs/chat-app/index.php:0
[12-Feb-2018 15:40:03 UTC] PHP Fatal error:  Call to undefined function loginForm() in /home/ubuntu/workspace/php-mini-projs/chat-app/index.php on line 46
[12-Feb-2018 15:40:03 UTC] PHP Stack trace:
[12-Feb-2018 15:40:03 UTC] PHP   1. {main}() /home/ubuntu/workspace/php-mini-projs/chat-app/index.php:0
[12-Feb-2018 20:11:10 UTC] PHP Warning:  mysql_connect(): Access denied for user 'root'@'localhost' (using password: YES) in /home/ubuntu/workspace/php-mini-projs/chat-app/server.php on line 6
[12-Feb-2018 20:11:10 UTC] PHP Stack trace:
[12-Feb-2018 20:11:10 UTC] PHP   1. {main}() /home/ubuntu/workspace/php-mini-projs/chat-app/server.php:0
[12-Feb-2018 20:11:10 UTC] PHP   2. mysql_connect() /home/ubuntu/workspace/php-mini-projs/chat-app/server.php:6
[12-Feb-2018 20:11:11 UTC] PHP Warning:  mysql_connect(): Access denied for user 'root'@'localhost' (using password: YES) in /home/ubuntu/workspace/php-mini-projs/chat-app/server.php on line 6
[12-Feb-2018 20:11:11 UTC] PHP Stack trace:
[12-Feb-2018 20:11:11 UTC] PHP   1. {main}() /home/ubuntu/workspace/php-mini-projs/chat-app/server.php:0
[12-Feb-2018 20:11:11 UTC] PHP   2. mysql_connect() /home/ubuntu/workspace/php-mini-projs/chat-app/server.php:6
[12-Feb-2018 20:11:12 UTC] PHP Warning:  mysql_connect(): Access denied for user 'root'@'localhost' (using password: YES) in /home/ubuntu/workspace/php-mini-projs/chat-app/server.php on line 6
[12-Feb-2018 20:11:12 UTC] PHP Stack trace:
[12-Feb-2018 20:11:12 UTC] PHP   1. {main}() /home/ubuntu/workspace/php-mini-projs/chat-app/server.php:0
[12-Feb-2018 20:11:12 UTC] PHP   2. mysql_connect() /home/ubuntu/workspace/php-mini-projs/chat-app/server.php:6
[12-Feb-2018 20:11:13 UTC] PHP Warning:  mysql_connect(): Access denied for user 'root'@'localhost' (using password: YES) in /home/ubuntu/workspace/php-mini-projs/chat-app/server.php on line 6
[12-Feb-2018 20:11:13 UTC] PHP Stack trace:
[12-Feb-2018 20:11:13 UTC] PHP   1. {main}() /home/ubuntu/workspace/php-mini-projs/chat-app/server.php:0
[12-Feb-2018 20:11:13 UTC] PHP   2. mysql_connect() /home/ubuntu/workspace/php-mini-projs/chat-app/server.php:6
[12-Feb-2018 20:11:14 UTC] PHP Warning:  mysql_connect(): Access denied for user 'root'@'localhost' (using password: YES) in /home/ubuntu/workspace/php-mini-projs/chat-app/server.php on line 6
[12-Feb-2018 20:11:14 UTC] PHP Stack trace:
[12-Feb-2018 20:11:14 UTC] PHP   1. {main}() /home/ubuntu/workspace/php-mini-projs/chat-app/server.php:0
[12-Feb-2018 20:11:14 UTC] PHP   2. mysql_connect() /home/ubuntu/workspace/php-mini-projs/chat-app/server.php:6
[12-Feb-2018 20:11:14 UTC] PHP Warning:  mysql_connect(): Access denied for user 'root'@'localhost' (using password: YES) in /home/ubuntu/workspace/php-mini-projs/chat-app/server.php on line 6
[12-Feb-2018 20:11:14 UTC] PHP Stack trace:
[12-Feb-2018 20:11:14 UTC] PHP   1. {main}() /home/ubuntu/workspace/php-mini-projs/chat-app/server.php:0
[12-Feb-2018 20:11:14 UTC] PHP   2. mysql_connect() /home/ubuntu/workspace/php-mini-projs/chat-app/server.php:6
[12-Feb-2018 20:11:15 UTC] PHP Warning:  mysql_connect(): Access denied for user 'root'@'localhost' (using password: YES) in /home/ubuntu/workspace/php-mini-projs/chat-app/server.php on line 6
[12-Feb-2018 20:11:15 UTC] PHP Stack trace:
[12-Feb-2018 20:11:15 UTC] PHP   1. {main}() /home/ubuntu/workspace/php-mini-projs/chat-app/server.php:0
[12-Feb-2018 20:11:15 UTC] PHP   2. mysql_connect() /home/ubuntu/workspace/php-mini-projs/chat-app/server.php:6
[12-Feb-2018 20:11:15 UTC] PHP Warning:  mysql_connect(): Access denied for user 'root'@'localhost' (using password: YES) in /home/ubuntu/workspace/php-mini-projs/chat-app/server.php on line 6
[12-Feb-2018 20:11:15 UTC] PHP Stack trace:
[12-Feb-2018 20:11:15 UTC] PHP   1. {main}() /home/ubuntu/workspace/php-mini-projs/chat-app/server.php:0
[12-Feb-2018 20:11:15 UTC] PHP   2. mysql_connect() /home/ubuntu/workspace/php-mini-projs/chat-app/server.php:6
[12-Feb-2018 20:11:16 UTC] PHP Warning:  mysql_connect(): Access denied for user 'root'@'localhost' (using password: YES) in /home/ubuntu/workspace/php-mini-projs/chat-app/server.php on line 6
[12-Feb-2018 20:11:16 UTC] PHP Stack trace:
[12-Feb-2018 20:11:16 UTC] PHP   1. {main}() /home/ubuntu/workspace/php-mini-projs/chat-app/server.php:0
[12-Feb-2018 20:11:16 UTC] PHP   2. mysql_connect() /home/ubuntu/workspace/php-mini-projs/chat-app/server.php:6
[12-Feb-2018 20:11:17 UTC] PHP Warning:  mysql_connect(): Access denied for user 'root'@'localhost' (using password: YES) in /home/ubuntu/workspace/php-mini-projs/chat-app/server.php on line 6
[12-Feb-2018 20:11:17 UTC] PHP Stack trace:
[12-Feb-2018 20:11:17 UTC] PHP   1. {main}() /home/ubuntu/workspace/php-mini-projs/chat-app/server.php:0
[12-Feb-2018 20:11:17 UTC] PHP   2. mysql_connect() /home/ubuntu/workspace/php-mini-projs/chat-app/server.php:6
[12-Feb-2018 20:11:18 UTC] PHP Warning:  mysql_connect(): Access denied for user 'root'@'localhost' (using password: YES) in /home/ubuntu/workspace/php-mini-projs/chat-app/server.php on line 6
[12-Feb-2018 20:11:18 UTC] PHP Stack trace:
[12-Feb-2018 20:11:18 UTC] PHP   1. {main}() /home/ubuntu/workspace/php-mini-projs/chat-app/server.php:0
[12-Feb-2018 20:11:18 UTC] PHP   2. mysql_connect() /home/ubuntu/workspace/php-mini-projs/chat-app/server.php:6
[12-Feb-2018 20:11:19 UTC] PHP Warning:  mysql_connect(): Access denied for user 'root'@'localhost' (using password: YES) in /home/ubuntu/workspace/php-mini-projs/chat-app/server.php on line 6
[12-Feb-2018 20:11:19 UTC] PHP Stack trace:
[12-Feb-2018 20:11:19 UTC] PHP   1. {main}() /home/ubuntu/workspace/php-mini-projs/chat-app/server.php:0
[12-Feb-2018 20:11:19 UTC] PHP   2. mysql_connect() /home/ubuntu/workspace/php-mini-projs/chat-app/server.php:6
[12-Feb-2018 20:11:20 UTC] PHP Warning:  mysql_connect(): Access denied for user 'root'@'localhost' (using password: YES) in /home/ubuntu/workspace/php-mini-projs/chat-app/server.php on line 6
[12-Feb-2018 20:11:20 UTC] PHP Stack trace:
[12-Feb-2018 20:11:20 UTC] PHP   1. {main}() /home/ubuntu/workspace/php-mini-projs/chat-app/server.php:0
[12-Feb-2018 20:11:20 UTC] PHP   2. mysql_connect() /home/ubuntu/workspace/php-mini-projs/chat-app/server.php:6
[12-Feb-2018 20:11:21 UTC] PHP Warning:  mysql_connect(): Access denied for user 'root'@'localhost' (using password: YES) in /home/ubuntu/workspace/php-mini-projs/chat-app/server.php on line 6
[12-Feb-2018 20:11:21 UTC] PHP Stack trace:
[12-Feb-2018 20:11:21 UTC] PHP   1. {main}() /home/ubuntu/workspace/php-mini-projs/chat-app/server.php:0
[12-Feb-2018 20:11:21 UTC] PHP   2. mysql_connect() /home/ubuntu/workspace/php-mini-projs/chat-app/server.php:6
[12-Feb-2018 20:11:23 UTC] PHP Warning:  mysql_connect(): Access denied for user 'root'@'localhost' (using password: YES) in /home/ubuntu/workspace/php-mini-projs/chat-app/server.php on line 6
[12-Feb-2018 20:11:23 UTC] PHP Stack trace:
[12-Feb-2018 20:11:23 UTC] PHP   1. {main}() /home/ubuntu/workspace/php-mini-projs/chat-app/server.php:0
[12-Feb-2018 20:11:23 UTC] PHP   2. mysql_connect() /home/ubuntu/workspace/php-mini-projs/chat-app/server.php:6
[12-Feb-2018 20:11:23 UTC] PHP Warning:  mysql_connect(): Access denied for user 'root'@'localhost' (using password: YES) in /home/ubuntu/workspace/php-mini-projs/chat-app/server.php on line 6
[12-Feb-2018 20:11:23 UTC] PHP Stack trace:
[12-Feb-2018 20:11:23 UTC] PHP   1. {main}() /home/ubuntu/workspace/php-mini-projs/chat-app/server.php:0
[12-Feb-2018 20:11:23 UTC] PHP   2. mysql_connect() /home/ubuntu/workspace/php-mini-projs/chat-app/server.php:6
[12-Feb-2018 20:11:24 UTC] PHP Warning:  mysql_connect(): Access denied for user 'root'@'localhost' (using password: YES) in /home/ubuntu/workspace/php-mini-projs/chat-app/server.php on line 6
[12-Feb-2018 20:11:24 UTC] PHP Stack trace:
[12-Feb-2018 20:11:24 UTC] PHP   1. {main}() /home/ubuntu/workspace/php-mini-projs/chat-app/server.php:0
[12-Feb-2018 20:11:24 UTC] PHP   2. mysql_connect() /home/ubuntu/workspace/php-mini-projs/chat-app/server.php:6
[12-Feb-2018 20:11:25 UTC] PHP Warning:  mysql_connect(): Access denied for user 'root'@'localhost' (using password: YES) in /home/ubuntu/workspace/php-mini-projs/chat-app/server.php on line 6
[12-Feb-2018 20:11:25 UTC] PHP Stack trace:
[12-Feb-2018 20:11:25 UTC] PHP   1. {main}() /home/ubuntu/workspace/php-mini-projs/chat-app/server.php:0
[12-Feb-2018 20:11:25 UTC] PHP   2. mysql_connect() /home/ubuntu/workspace/php-mini-projs/chat-app/server.php:6
[12-Feb-2018 20:11:26 UTC] PHP Warning:  mysql_connect(): Access denied for user 'root'@'localhost' (using password: YES) in /home/ubuntu/workspace/php-mini-projs/chat-app/server.php on line 6
[12-Feb-2018 20:11:26 UTC] PHP Stack trace:
[12-Feb-2018 20:11:26 UTC] PHP   1. {main}() /home/ubuntu/workspace/php-mini-projs/chat-app/server.php:0
[12-Feb-2018 20:11:26 UTC] PHP   2. mysql_connect() /home/ubuntu/workspace/php-mini-projs/chat-app/server.php:6
[12-Feb-2018 20:11:26 UTC] PHP Warning:  mysql_connect(): Access denied for user 'root'@'localhost' (using password: YES) in /home/ubuntu/workspace/php-mini-projs/chat-app/server.php on line 6
[12-Feb-2018 20:11:26 UTC] PHP Stack trace:
[12-Feb-2018 20:11:26 UTC] PHP   1. {main}() /home/ubuntu/workspace/php-mini-projs/chat-app/server.php:0
[12-Feb-2018 20:11:26 UTC] PHP   2. mysql_connect() /home/ubuntu/workspace/php-mini-projs/chat-app/server.php:6
[12-Feb-2018 20:11:27 UTC] PHP Warning:  mysql_connect(): Access denied for user 'root'@'localhost' (using password: YES) in /home/ubuntu/workspace/php-mini-projs/chat-app/server.php on line 6
[12-Feb-2018 20:11:27 UTC] PHP Stack trace:
[12-Feb-2018 20:11:27 UTC] PHP   1. {main}() /home/ubuntu/workspace/php-mini-projs/chat-app/server.php:0
[12-Feb-2018 20:11:27 UTC] PHP   2. mysql_connect() /home/ubuntu/workspace/php-mini-projs/chat-app/server.php:6
[12-Feb-2018 20:11:27 UTC] PHP Warning:  mysql_connect(): Access denied for user 'root'@'localhost' (using password: YES) in /home/ubuntu/workspace/php-mini-projs/chat-app/server.php on line 6
[12-Feb-2018 20:11:27 UTC] PHP Stack trace:
[12-Feb-2018 20:11:27 UTC] PHP   1. {main}() /home/ubuntu/workspace/php-mini-projs/chat-app/server.php:0
[12-Feb-2018 20:11:27 UTC] PHP   2. mysql_connect() /home/ubuntu/workspace/php-mini-projs/chat-app/server.php:6
[12-Feb-2018 20:11:27 UTC] PHP Warning:  mysql_connect(): Access denied for user 'root'@'localhost' (using password: YES) in /home/ubuntu/workspace/php-mini-projs/chat-app/server.php on line 6
[12-Feb-2018 20:11:27 UTC] PHP Stack trace:
[12-Feb-2018 20:11:27 UTC] PHP   1. {main}() /home/ubuntu/workspace/php-mini-projs/chat-app/server.php:0
[12-Feb-2018 20:11:27 UTC] PHP   2. mysql_connect() /home/ubuntu/workspace/php-mini-projs/chat-app/server.php:6
[12-Feb-2018 20:11:27 UTC] PHP Warning:  mysql_connect(): Access denied for user 'root'@'localhost' (using password: YES) in /home/ubuntu/workspace/php-mini-projs/chat-app/server.php on line 6
[12-Feb-2018 20:11:27 UTC] PHP Stack trace:
[12-Feb-2018 20:11:27 UTC] PHP   1. {main}() /home/ubuntu/workspace/php-mini-projs/chat-app/server.php:0
[12-Feb-2018 20:11:27 UTC] PHP   2. mysql_connect() /home/ubuntu/workspace/php-mini-projs/chat-app/server.php:6
[12-Feb-2018 20:11:29 UTC] PHP Warning:  mysql_connect(): Access denied for user 'root'@'localhost' (using password: YES) in /home/ubuntu/workspace/php-mini-projs/chat-app/server.php on line 6
[12-Feb-2018 20:11:29 UTC] PHP Stack trace:
[12-Feb-2018 20:11:29 UTC] PHP   1. {main}() /home/ubuntu/workspace/php-mini-projs/chat-app/server.php:0
[12-Feb-2018 20:11:29 UTC] PHP   2. mysql_connect() /home/ubuntu/workspace/php-mini-projs/chat-app/server.php:6
[12-Feb-2018 20:11:37 UTC] PHP Warning:  mysql_connect(): Access denied for user 'root'@'localhost' (using password: YES) in /home/ubuntu/workspace/php-mini-projs/chat-app/server.php on line 6
[12-Feb-2018 20:11:37 UTC] PHP Stack trace:
[12-Feb-2018 20:11:37 UTC] PHP   1. {main}() /home/ubuntu/workspace/php-mini-projs/chat-app/server.php:0
[12-Feb-2018 20:11:37 UTC] PHP   2. mysql_connect() /home/ubuntu/workspace/php-mini-projs/chat-app/server.php:6
[12-Feb-2018 20:11:37 UTC] PHP Warning:  mysql_connect(): Access denied for user 'root'@'localhost' (using password: YES) in /home/ubuntu/workspace/php-mini-projs/chat-app/server.php on line 6
[12-Feb-2018 20:11:37 UTC] PHP Stack trace:
[12-Feb-2018 20:11:37 UTC] PHP   1. {main}() /home/ubuntu/workspace/php-mini-projs/chat-app/server.php:0
[12-Feb-2018 20:11:37 UTC] PHP   2. mysql_connect() /home/ubuntu/workspace/php-mini-projs/chat-app/server.php:6
[12-Feb-2018 20:11:38 UTC] PHP Warning:  mysql_connect(): Access denied for user 'root'@'localhost' (using password: YES) in /home/ubuntu/workspace/php-mini-projs/chat-app/server.php on line 6
[12-Feb-2018 20:11:38 UTC] PHP Stack trace:
[12-Feb-2018 20:11:38 UTC] PHP   1. {main}() /home/ubuntu/workspace/php-mini-projs/chat-app/server.php:0
[12-Feb-2018 20:11:38 UTC] PHP   2. mysql_connect() /home/ubuntu/workspace/php-mini-projs/chat-app/server.php:6
[12-Feb-2018 20:11:39 UTC] PHP Warning:  mysql_connect(): Access denied for user 'root'@'localhost' (using password: YES) in /home/ubuntu/workspace/php-mini-projs/chat-app/server.php on line 6
[12-Feb-2018 20:11:39 UTC] PHP Stack trace:
[12-Feb-2018 20:11:39 UTC] PHP   1. {main}() /home/ubuntu/workspace/php-mini-projs/chat-app/server.php:0
[12-Feb-2018 20:11:39 UTC] PHP   2. mysql_connect() /home/ubuntu/workspace/php-mini-projs/chat-app/server.php:6
[12-Feb-2018 20:11:40 UTC] PHP Warning:  mysql_connect(): Access denied for user 'root'@'localhost' (using password: YES) in /home/ubuntu/workspace/php-mini-projs/chat-app/server.php on line 6
[12-Feb-2018 20:11:40 UTC] PHP Stack trace:
[12-Feb-2018 20:11:40 UTC] PHP   1. {main}() /home/ubuntu/workspace/php-mini-projs/chat-app/server.php:0
[12-Feb-2018 20:11:40 UTC] PHP   2. mysql_connect() /home/ubuntu/workspace/php-mini-projs/chat-app/server.php:6
[12-Feb-2018 20:11:41 UTC] PHP Warning:  mysql_connect(): Access denied for user 'root'@'localhost' (using password: YES) in /home/ubuntu/workspace/php-mini-projs/chat-app/server.php on line 6
[12-Feb-2018 20:11:41 UTC] PHP Stack trace:
[12-Feb-2018 20:11:41 UTC] PHP   1. {main}() /home/ubuntu/workspace/php-mini-projs/chat-app/server.php:0
[12-Feb-2018 20:11:41 UTC] PHP   2. mysql_connect() /home/ubuntu/workspace/php-mini-projs/chat-app/server.php:6
[12-Feb-2018 20:11:42 UTC] PHP Warning:  mysql_connect(): Access denied for user 'root'@'localhost' (using password: YES) in /home/ubuntu/workspace/php-mini-projs/chat-app/server.php on line 6
[12-Feb-2018 20:11:42 UTC] PHP Stack trace:
[12-Feb-2018 20:11:42 UTC] PHP   1. {main}() /home/ubuntu/workspace/php-mini-projs/chat-app/server.php:0
[12-Feb-2018 20:11:42 UTC] PHP   2. mysql_connect() /home/ubuntu/workspace/php-mini-projs/chat-app/server.php:6
[12-Feb-2018 20:11:43 UTC] PHP Warning:  mysql_connect(): Access denied for user 'root'@'localhost' (using password: YES) in /home/ubuntu/workspace/php-mini-projs/chat-app/server.php on line 6
[12-Feb-2018 20:11:43 UTC] PHP Stack trace:
[12-Feb-2018 20:11:43 UTC] PHP   1. {main}() /home/ubuntu/workspace/php-mini-projs/chat-app/server.php:0
[12-Feb-2018 20:11:43 UTC] PHP   2. mysql_connect() /home/ubuntu/workspace/php-mini-projs/chat-app/server.php:6
[12-Feb-2018 20:11:44 UTC] PHP Warning:  mysql_connect(): Access denied for user 'root'@'localhost' (using password: YES) in /home/ubuntu/workspace/php-mini-projs/chat-app/server.php on line 6
[12-Feb-2018 20:11:44 UTC] PHP Stack trace:
[12-Feb-2018 20:11:44 UTC] PHP   1. {main}() /home/ubuntu/workspace/php-mini-projs/chat-app/server.php:0
[12-Feb-2018 20:11:44 UTC] PHP   2. mysql_connect() /home/ubuntu/workspace/php-mini-projs/chat-app/server.php:6
[12-Feb-2018 20:11:45 UTC] PHP Warning:  mysql_connect(): Access denied for user 'root'@'localhost' (using password: YES) in /home/ubuntu/workspace/php-mini-projs/chat-app/server.php on line 6
[12-Feb-2018 20:11:45 UTC] PHP Stack trace:
[12-Feb-2018 20:11:45 UTC] PHP   1. {main}() /home/ubuntu/workspace/php-mini-projs/chat-app/server.php:0
[12-Feb-2018 20:11:45 UTC] PHP   2. mysql_connect() /home/ubuntu/workspace/php-mini-projs/chat-app/server.php:6
[12-Feb-2018 20:11:46 UTC] PHP Warning:  mysql_connect(): Access denied for user 'root'@'localhost' (using password: YES) in /home/ubuntu/workspace/php-mini-projs/chat-app/server.php on line 6
[12-Feb-2018 20:11:46 UTC] PHP Stack trace:
[12-Feb-2018 20:11:46 UTC] PHP   1. {main}() /home/ubuntu/workspace/php-mini-projs/chat-app/server.php:0
[12-Feb-2018 20:11:46 UTC] PHP   2. mysql_connect() /home/ubuntu/workspace/php-mini-projs/chat-app/server.php:6
[12-Feb-2018 20:20:25 UTC] PHP Warning:  mysql_connect(): Access denied for user 'root'@'localhost' (using password: YES) in /home/ubuntu/workspace/php-mini-projs/chat-app/server.php on line 6
[12-Feb-2018 20:20:25 UTC] PHP Stack trace:
[12-Feb-2018 20:20:25 UTC] PHP   1. {main}() /home/ubuntu/workspace/php-mini-projs/chat-app/server.php:0
[12-Feb-2018 20:20:25 UTC] PHP   2. mysql_connect() /home/ubuntu/workspace/php-mini-projs/chat-app/server.php:6
[12-Feb-2018 20:20:27 UTC] PHP Warning:  mysql_connect(): Access denied for user 'root'@'localhost' (using password: YES) in /home/ubuntu/workspace/php-mini-projs/chat-app/server.php on line 6
[12-Feb-2018 20:20:27 UTC] PHP Stack trace:
[12-Feb-2018 20:20:27 UTC] PHP   1. {main}() /home/ubuntu/workspace/php-mini-projs/chat-app/server.php:0
[12-Feb-2018 20:20:27 UTC] PHP   2. mysql_connect() /home/ubuntu/workspace/php-mini-projs/chat-app/server.php:6
[12-Feb-2018 20:20:27 UTC] PHP Warning:  mysql_connect(): Access denied for user 'root'@'localhost' (using password: YES) in /home/ubuntu/workspace/php-mini-projs/chat-app/server.php on line 6
[12-Feb-2018 20:20:27 UTC] PHP Stack trace:
[12-Feb-2018 20:20:27 UTC] PHP   1. {main}() /home/ubuntu/workspace/php-mini-projs/chat-app/server.php:0
[12-Feb-2018 20:20:27 UTC] PHP   2. mysql_connect() /home/ubuntu/workspace/php-mini-projs/chat-app/server.php:6
[12-Feb-2018 20:20:28 UTC] PHP Warning:  mysql_connect(): Access denied for user 'root'@'localhost' (using password: YES) in /home/ubuntu/workspace/php-mini-projs/chat-app/server.php on line 6
[12-Feb-2018 20:20:28 UTC] PHP Stack trace:
[12-Feb-2018 20:20:28 UTC] PHP   1. {main}() /home/ubuntu/workspace/php-mini-projs/chat-app/server.php:0
[12-Feb-2018 20:20:28 UTC] PHP   2. mysql_connect() /home/ubuntu/workspace/php-mini-projs/chat-app/server.php:6
[12-Feb-2018 20:20:30 UTC] PHP Warning:  mysql_connect(): Access denied for user 'root'@'localhost' (using password: YES) in /home/ubuntu/workspace/php-mini-projs/chat-app/server.php on line 6
[12-Feb-2018 20:20:30 UTC] PHP Stack trace:
[12-Feb-2018 20:20:30 UTC] PHP   1. {main}() /home/ubuntu/workspace/php-mini-projs/chat-app/server.php:0
[12-Feb-2018 20:20:30 UTC] PHP   2. mysql_connect() /home/ubuntu/workspace/php-mini-projs/chat-app/server.php:6
[12-Feb-2018 20:20:33 UTC] PHP Warning:  mysql_connect(): Access denied for user 'root'@'localhost' (using password: YES) in /home/ubuntu/workspace/php-mini-projs/chat-app/server.php on line 6
[12-Feb-2018 20:20:33 UTC] PHP Stack trace:
[12-Feb-2018 20:20:33 UTC] PHP   1. {main}() /home/ubuntu/workspace/php-mini-projs/chat-app/server.php:0
[12-Feb-2018 20:20:33 UTC] PHP   2. mysql_connect() /home/ubuntu/workspace/php-mini-projs/chat-app/server.php:6
[12-Feb-2018 20:20:34 UTC] PHP Warning:  mysql_connect(): Access denied for user 'root'@'localhost' (using password: YES) in /home/ubuntu/workspace/php-mini-projs/chat-app/server.php on line 6
[12-Feb-2018 20:20:34 UTC] PHP Stack trace:
[12-Feb-2018 20:20:34 UTC] PHP   1. {main}() /home/ubuntu/workspace/php-mini-projs/chat-app/server.php:0
[12-Feb-2018 20:20:34 UTC] PHP   2. mysql_connect() /home/ubuntu/workspace/php-mini-projs/chat-app/server.php:6
[12-Feb-2018 20:20:36 UTC] PHP Warning:  mysql_connect(): Access denied for user 'root'@'localhost' (using password: YES) in /home/ubuntu/workspace/php-mini-projs/chat-app/server.php on line 6
[12-Feb-2018 20:20:36 UTC] PHP Stack trace:
[12-Feb-2018 20:20:36 UTC] PHP   1. {main}() /home/ubuntu/workspace/php-mini-projs/chat-app/server.php:0
[12-Feb-2018 20:20:36 UTC] PHP   2. mysql_connect() /home/ubuntu/workspace/php-mini-projs/chat-app/server.php:6
[12-Feb-2018 20:20:39 UTC] PHP Warning:  mysql_connect(): Access denied for user 'root'@'localhost' (using password: YES) in /home/ubuntu/workspace/php-mini-projs/chat-app/server.php on line 6
[12-Feb-2018 20:20:39 UTC] PHP Stack trace:
[12-Feb-2018 20:20:39 UTC] PHP   1. {main}() /home/ubuntu/workspace/php-mini-projs/chat-app/server.php:0
[12-Feb-2018 20:20:39 UTC] PHP   2. mysql_connect() /home/ubuntu/workspace/php-mini-projs/chat-app/server.php:6
[12-Feb-2018 20:20:39 UTC] PHP Warning:  mysql_connect(): Access denied for user 'root'@'localhost' (using password: YES) in /home/ubuntu/workspace/php-mini-projs/chat-app/server.php on line 6
[12-Feb-2018 20:20:39 UTC] PHP Stack trace:
[12-Feb-2018 20:20:39 UTC] PHP   1. {main}() /home/ubuntu/workspace/php-mini-projs/chat-app/server.php:0
[12-Feb-2018 20:20:39 UTC] PHP   2. mysql_connect() /home/ubuntu/workspace/php-mini-projs/chat-app/server.php:6
[12-Feb-2018 20:20:41 UTC] PHP Warning:  mysql_connect(): Access denied for user 'root'@'localhost' (using password: YES) in /home/ubuntu/workspace/php-mini-projs/chat-app/server.php on line 6
[12-Feb-2018 20:20:41 UTC] PHP Stack trace:
[12-Feb-2018 20:20:41 UTC] PHP   1. {main}() /home/ubuntu/workspace/php-mini-projs/chat-app/server.php:0
[12-Feb-2018 20:20:41 UTC] PHP   2. mysql_connect() /home/ubuntu/workspace/php-mini-projs/chat-app/server.php:6
[12-Feb-2018 20:20:43 UTC] PHP Warning:  mysql_connect(): Access denied for user 'root'@'localhost' (using password: YES) in /home/ubuntu/workspace/php-mini-projs/chat-app/server.php on line 6
[12-Feb-2018 20:20:43 UTC] PHP Stack trace:
[12-Feb-2018 20:20:43 UTC] PHP   1. {main}() /home/ubuntu/workspace/php-mini-projs/chat-app/server.php:0
[12-Feb-2018 20:20:43 UTC] PHP   2. mysql_connect() /home/ubuntu/workspace/php-mini-projs/chat-app/server.php:6
[12-Feb-2018 20:20:46 UTC] PHP Warning:  mysql_connect(): Access denied for user 'root'@'localhost' (using password: YES) in /home/ubuntu/workspace/php-mini-projs/chat-app/server.php on line 6
[12-Feb-2018 20:20:46 UTC] PHP Stack trace:
[12-Feb-2018 20:20:46 UTC] PHP   1. {main}() /home/ubuntu/workspace/php-mini-projs/chat-app/server.php:0
[12-Feb-2018 20:20:46 UTC] PHP   2. mysql_connect() /home/ubuntu/workspace/php-mini-projs/chat-app/server.php:6
[12-Feb-2018 20:20:47 UTC] PHP Warning:  mysql_connect(): Access denied for user 'root'@'localhost' (using password: YES) in /home/ubuntu/workspace/php-mini-projs/chat-app/server.php on line 6
[12-Feb-2018 20:20:47 UTC] PHP Stack trace:
[12-Feb-2018 20:20:47 UTC] PHP   1. {main}() /home/ubuntu/workspace/php-mini-projs/chat-app/server.php:0
[12-Feb-2018 20:20:47 UTC] PHP   2. mysql_connect() /home/ubuntu/workspace/php-mini-projs/chat-app/server.php:6
[12-Feb-2018 20:20:49 UTC] PHP Warning:  mysql_connect(): Access denied for user 'root'@'localhost' (using password: YES) in /home/ubuntu/workspace/php-mini-projs/chat-app/server.php on line 6
[12-Feb-2018 20:20:49 UTC] PHP Stack trace:
[12-Feb-2018 20:20:49 UTC] PHP   1. {main}() /home/ubuntu/workspace/php-mini-projs/chat-app/server.php:0
[12-Feb-2018 20:20:49 UTC] PHP   2. mysql_connect() /home/ubuntu/workspace/php-mini-projs/chat-app/server.php:6
[12-Feb-2018 20:20:52 UTC] PHP Warning:  mysql_connect(): Access denied for user 'root'@'localhost' (using password: YES) in /home/ubuntu/workspace/php-mini-projs/chat-app/server.php on line 6
[12-Feb-2018 20:20:52 UTC] PHP Stack trace:
[12-Feb-2018 20:20:52 UTC] PHP   1. {main}() /home/ubuntu/workspace/php-mini-projs/chat-app/server.php:0
[12-Feb-2018 20:20:52 UTC] PHP   2. mysql_connect() /home/ubuntu/workspace/php-mini-projs/chat-app/server.php:6
[12-Feb-2018 20:20:53 UTC] PHP Warning:  mysql_connect(): Access denied for user 'root'@'localhost' (using password: YES) in /home/ubuntu/workspace/php-mini-projs/chat-app/server.php on line 6
[12-Feb-2018 20:20:53 UTC] PHP Stack trace:
[12-Feb-2018 20:20:53 UTC] PHP   1. {main}() /home/ubuntu/workspace/php-mini-projs/chat-app/server.php:0
[12-Feb-2018 20:20:53 UTC] PHP   2. mysql_connect() /home/ubuntu/workspace/php-mini-projs/chat-app/server.php:6
[12-Feb-2018 20:20:56 UTC] PHP Warning:  mysql_connect(): Access denied for user 'root'@'localhost' (using password: YES) in /home/ubuntu/workspace/php-mini-projs/chat-app/server.php on line 6
[12-Feb-2018 20:20:56 UTC] PHP Stack trace:
[12-Feb-2018 20:20:56 UTC] PHP   1. {main}() /home/ubuntu/workspace/php-mini-projs/chat-app/server.php:0
[12-Feb-2018 20:20:56 UTC] PHP   2. mysql_connect() /home/ubuntu/workspace/php-mini-projs/chat-app/server.php:6
[12-Feb-2018 20:20:56 UTC] PHP Warning:  mysql_connect(): Access denied for user 'root'@'localhost' (using password: YES) in /home/ubuntu/workspace/php-mini-projs/chat-app/server.php on line 6
[12-Feb-2018 20:20:56 UTC] PHP Stack trace:
[12-Feb-2018 20:20:56 UTC] PHP   1. {main}() /home/ubuntu/workspace/php-mini-projs/chat-app/server.php:0
[12-Feb-2018 20:20:56 UTC] PHP   2. mysql_connect() /home/ubuntu/workspace/php-mini-projs/chat-app/server.php:6
[12-Feb-2018 20:20:59 UTC] PHP Warning:  mysql_connect(): Access denied for user 'root'@'localhost' (using password: YES) in /home/ubuntu/workspace/php-mini-projs/chat-app/server.php on line 6
[12-Feb-2018 20:20:59 UTC] PHP Stack trace:
[12-Feb-2018 20:20:59 UTC] PHP   1. {main}() /home/ubuntu/workspace/php-mini-projs/chat-app/server.php:0
[12-Feb-2018 20:20:59 UTC] PHP   2. mysql_connect() /home/ubuntu/workspace/php-mini-projs/chat-app/server.php:6
[12-Feb-2018 20:20:59 UTC] PHP Warning:  mysql_connect(): Access denied for user 'root'@'localhost' (using password: YES) in /home/ubuntu/workspace/php-mini-projs/chat-app/server.php on line 6
[12-Feb-2018 20:20:59 UTC] PHP Stack trace:
[12-Feb-2018 20:20:59 UTC] PHP   1. {main}() /home/ubuntu/workspace/php-mini-projs/chat-app/server.php:0
[12-Feb-2018 20:20:59 UTC] PHP   2. mysql_connect() /home/ubuntu/workspace/php-mini-projs/chat-app/server.php:6
[12-Feb-2018 20:21:02 UTC] PHP Warning:  mysql_connect(): Access denied for user 'root'@'localhost' (using password: YES) in /home/ubuntu/workspace/php-mini-projs/chat-app/server.php on line 6
[12-Feb-2018 20:21:02 UTC] PHP Stack trace:
[12-Feb-2018 20:21:02 UTC] PHP   1. {main}() /home/ubuntu/workspace/php-mini-projs/chat-app/server.php:0
[12-Feb-2018 20:21:02 UTC] PHP   2. mysql_connect() /home/ubuntu/workspace/php-mini-projs/chat-app/server.php:6
[12-Feb-2018 20:21:03 UTC] PHP Warning:  mysql_connect(): Access denied for user 'root'@'localhost' (using password: YES) in /home/ubuntu/workspace/php-mini-projs/chat-app/server.php on line 6
[12-Feb-2018 20:21:03 UTC] PHP Stack trace:
[12-Feb-2018 20:21:03 UTC] PHP   1. {main}() /home/ubuntu/workspace/php-mini-projs/chat-app/server.php:0
[12-Feb-2018 20:21:03 UTC] PHP   2. mysql_connect() /home/ubuntu/workspace/php-mini-projs/chat-app/server.php:6
[12-Feb-2018 20:21:05 UTC] PHP Warning:  mysql_connect(): Access denied for user 'root'@'localhost' (using password: YES) in /home/ubuntu/workspace/php-mini-projs/chat-app/server.php on line 6
[12-Feb-2018 20:21:05 UTC] PHP Stack trace:
[12-Feb-2018 20:21:05 UTC] PHP   1. {main}() /home/ubuntu/workspace/php-mini-projs/chat-app/server.php:0
[12-Feb-2018 20:21:05 UTC] PHP   2. mysql_connect() /home/ubuntu/workspace/php-mini-projs/chat-app/server.php:6
[12-Feb-2018 20:21:06 UTC] PHP Warning:  mysql_connect(): Access denied for user 'root'@'localhost' (using password: YES) in /home/ubuntu/workspace/php-mini-projs/chat-app/server.php on line 6
[12-Feb-2018 20:21:06 UTC] PHP Stack trace:
[12-Feb-2018 20:21:06 UTC] PHP   1. {main}() /home/ubuntu/workspace/php-mini-projs/chat-app/server.php:0
[12-Feb-2018 20:21:06 UTC] PHP   2. mysql_connect() /home/ubuntu/workspace/php-mini-projs/chat-app/server.php:6
[12-Feb-2018 20:21:08 UTC] PHP Warning:  mysql_connect(): Access denied for user 'root'@'localhost' (using password: YES) in /home/ubuntu/workspace/php-mini-projs/chat-app/server.php on line 6
[12-Feb-2018 20:21:08 UTC] PHP Stack trace:
[12-Feb-2018 20:21:08 UTC] PHP   1. {main}() /home/ubuntu/workspace/php-mini-projs/chat-app/server.php:0
[12-Feb-2018 20:21:08 UTC] PHP   2. mysql_connect() /home/ubuntu/workspace/php-mini-projs/chat-app/server.php:6
[12-Feb-2018 20:21:10 UTC] PHP Warning:  mysql_connect(): Access denied for user 'root'@'localhost' (using password: YES) in /home/ubuntu/workspace/php-mini-projs/chat-app/server.php on line 6
[12-Feb-2018 20:21:10 UTC] PHP Stack trace:
[12-Feb-2018 20:21:10 UTC] PHP   1. {main}() /home/ubuntu/workspace/php-mini-projs/chat-app/server.php:0
[12-Feb-2018 20:21:10 UTC] PHP   2. mysql_connect() /home/ubuntu/workspace/php-mini-projs/chat-app/server.php:6
[12-Feb-2018 20:21:11 UTC] PHP Warning:  mysql_connect(): Access denied for user 'root'@'localhost' (using password: YES) in /home/ubuntu/workspace/php-mini-projs/chat-app/server.php on line 6
[12-Feb-2018 20:21:11 UTC] PHP Stack trace:
[12-Feb-2018 20:21:11 UTC] PHP   1. {main}() /home/ubuntu/workspace/php-mini-projs/chat-app/server.php:0
[12-Feb-2018 20:21:11 UTC] PHP   2. mysql_connect() /home/ubuntu/workspace/php-mini-projs/chat-app/server.php:6
[12-Feb-2018 20:21:13 UTC] PHP Warning:  mysql_connect(): Access denied for user 'root'@'localhost' (using password: YES) in /home/ubuntu/workspace/php-mini-projs/chat-app/server.php on line 6
[12-Feb-2018 20:21:13 UTC] PHP Stack trace:
[12-Feb-2018 20:21:13 UTC] PHP   1. {main}() /home/ubuntu/workspace/php-mini-projs/chat-app/server.php:0
[12-Feb-2018 20:21:13 UTC] PHP   2. mysql_connect() /home/ubuntu/workspace/php-mini-projs/chat-app/server.php:6
[12-Feb-2018 20:21:15 UTC] PHP Warning:  mysql_connect(): Access denied for user 'root'@'localhost' (using password: YES) in /home/ubuntu/workspace/php-mini-projs/chat-app/server.php on line 6
[12-Feb-2018 20:21:15 UTC] PHP Stack trace:
[12-Feb-2018 20:21:15 UTC] PHP   1. {main}() /home/ubuntu/workspace/php-mini-projs/chat-app/server.php:0
[12-Feb-2018 20:21:15 UTC] PHP   2. mysql_connect() /home/ubuntu/workspace/php-mini-projs/chat-app/server.php:6
[12-Feb-2018 20:21:17 UTC] PHP Warning:  mysql_connect(): Access denied for user 'root'@'localhost' (using password: YES) in /home/ubuntu/workspace/php-mini-projs/chat-app/server.php on line 6
[12-Feb-2018 20:21:17 UTC] PHP Stack trace:
[12-Feb-2018 20:21:17 UTC] PHP   1. {main}() /home/ubuntu/workspace/php-mini-projs/chat-app/server.php:0
[12-Feb-2018 20:21:17 UTC] PHP   2. mysql_connect() /home/ubuntu/workspace/php-mini-projs/chat-app/server.php:6
[12-Feb-2018 20:21:19 UTC] PHP Warning:  mysql_connect(): Access denied for user 'root'@'localhost' (using password: YES) in /home/ubuntu/workspace/php-mini-projs/chat-app/server.php on line 6
[12-Feb-2018 20:21:19 UTC] PHP Stack trace:
[12-Feb-2018 20:21:19 UTC] PHP   1. {main}() /home/ubuntu/workspace/php-mini-projs/chat-app/server.php:0
[12-Feb-2018 20:21:19 UTC] PHP   2. mysql_connect() /home/ubuntu/workspace/php-mini-projs/chat-app/server.php:6
[12-Feb-2018 20:21:22 UTC] PHP Warning:  mysql_connect(): Access denied for user 'root'@'localhost' (using password: YES) in /home/ubuntu/workspace/php-mini-projs/chat-app/server.php on line 6
[12-Feb-2018 20:21:22 UTC] PHP Stack trace:
[12-Feb-2018 20:21:22 UTC] PHP   1. {main}() /home/ubuntu/workspace/php-mini-projs/chat-app/server.php:0
[12-Feb-2018 20:21:22 UTC] PHP   2. mysql_connect() /home/ubuntu/workspace/php-mini-projs/chat-app/server.php:6
[12-Feb-2018 20:21:22 UTC] PHP Warning:  mysql_connect(): Access denied for user 'root'@'localhost' (using password: YES) in /home/ubuntu/workspace/php-mini-projs/chat-app/server.php on line 6
[12-Feb-2018 20:21:22 UTC] PHP Stack trace:
[12-Feb-2018 20:21:22 UTC] PHP   1. {main}() /home/ubuntu/workspace/php-mini-projs/chat-app/server.php:0
[12-Feb-2018 20:21:22 UTC] PHP   2. mysql_connect() /home/ubuntu/workspace/php-mini-projs/chat-app/server.php:6
[12-Feb-2018 20:21:24 UTC] PHP Warning:  mysql_connect(): Access denied for user 'root'@'localhost' (using password: YES) in /home/ubuntu/workspace/php-mini-projs/chat-app/server.php on line 6
[12-Feb-2018 20:21:24 UTC] PHP Stack trace:
[12-Feb-2018 20:21:24 UTC] PHP   1. {main}() /home/ubuntu/workspace/php-mini-projs/chat-app/server.php:0
[12-Feb-2018 20:21:24 UTC] PHP   2. mysql_connect() /home/ubuntu/workspace/php-mini-projs/chat-app/server.php:6
[12-Feb-2018 20:21:26 UTC] PHP Warning:  mysql_connect(): Access denied for user 'root'@'localhost' (using password: YES) in /home/ubuntu/workspace/php-mini-projs/chat-app/server.php on line 6
[12-Feb-2018 20:21:26 UTC] PHP Stack trace:
[12-Feb-2018 20:21:26 UTC] PHP   1. {main}() /home/ubuntu/workspace/php-mini-projs/chat-app/server.php:0
[12-Feb-2018 20:21:26 UTC] PHP   2. mysql_connect() /home/ubuntu/workspace/php-mini-projs/chat-app/server.php:6
[12-Feb-2018 20:21:28 UTC] PHP Warning:  mysql_connect(): Access denied for user 'root'@'localhost' (using password: YES) in /home/ubuntu/workspace/php-mini-projs/chat-app/server.php on line 6
[12-Feb-2018 20:21:28 UTC] PHP Stack trace:
[12-Feb-2018 20:21:28 UTC] PHP   1. {main}() /home/ubuntu/workspace/php-mini-projs/chat-app/server.php:0
[12-Feb-2018 20:21:28 UTC] PHP   2. mysql_connect() /home/ubuntu/workspace/php-mini-projs/chat-app/server.php:6
[12-Feb-2018 20:21:29 UTC] PHP Warning:  mysql_connect(): Access denied for user 'root'@'localhost' (using password: YES) in /home/ubuntu/workspace/php-mini-projs/chat-app/server.php on line 6
[12-Feb-2018 20:21:29 UTC] PHP Stack trace:
[12-Feb-2018 20:21:29 UTC] PHP   1. {main}() /home/ubuntu/workspace/php-mini-projs/chat-app/server.php:0
[12-Feb-2018 20:21:29 UTC] PHP   2. mysql_connect() /home/ubuntu/workspace/php-mini-projs/chat-app/server.php:6
[12-Feb-2018 20:21:31 UTC] PHP Warning:  mysql_connect(): Access denied for user 'root'@'localhost' (using password: YES) in /home/ubuntu/workspace/php-mini-projs/chat-app/server.php on line 6
[12-Feb-2018 20:21:31 UTC] PHP Stack trace:
[12-Feb-2018 20:21:31 UTC] PHP   1. {main}() /home/ubuntu/workspace/php-mini-projs/chat-app/server.php:0
[12-Feb-2018 20:21:31 UTC] PHP   2. mysql_connect() /home/ubuntu/workspace/php-mini-projs/chat-app/server.php:6
[12-Feb-2018 20:21:32 UTC] PHP Warning:  mysql_connect(): Access denied for user 'root'@'localhost' (using password: YES) in /home/ubuntu/workspace/php-mini-projs/chat-app/server.php on line 6
[12-Feb-2018 20:21:32 UTC] PHP Stack trace:
[12-Feb-2018 20:21:32 UTC] PHP   1. {main}() /home/ubuntu/workspace/php-mini-projs/chat-app/server.php:0
[12-Feb-2018 20:21:32 UTC] PHP   2. mysql_connect() /home/ubuntu/workspace/php-mini-projs/chat-app/server.php:6
[12-Feb-2018 20:21:34 UTC] PHP Warning:  mysql_connect(): Access denied for user 'root'@'localhost' (using password: YES) in /home/ubuntu/workspace/php-mini-projs/chat-app/server.php on line 6
[12-Feb-2018 20:21:34 UTC] PHP Stack trace:
[12-Feb-2018 20:21:34 UTC] PHP   1. {main}() /home/ubuntu/workspace/php-mini-projs/chat-app/server.php:0
[12-Feb-2018 20:21:34 UTC] PHP   2. mysql_connect() /home/ubuntu/workspace/php-mini-projs/chat-app/server.php:6
[12-Feb-2018 20:21:36 UTC] PHP Warning:  mysql_connect(): Access denied for user 'root'@'localhost' (using password: YES) in /home/ubuntu/workspace/php-mini-projs/chat-app/server.php on line 6
[12-Feb-2018 20:21:36 UTC] PHP Stack trace:
[12-Feb-2018 20:21:36 UTC] PHP   1. {main}() /home/ubuntu/workspace/php-mini-projs/chat-app/server.php:0
[12-Feb-2018 20:21:36 UTC] PHP   2. mysql_connect() /home/ubuntu/workspace/php-mini-projs/chat-app/server.php:6
[12-Feb-2018 20:21:38 UTC] PHP Warning:  mysql_connect(): Access denied for user 'root'@'localhost' (using password: YES) in /home/ubuntu/workspace/php-mini-projs/chat-app/server.php on line 6
[12-Feb-2018 20:21:38 UTC] PHP Stack trace:
[12-Feb-2018 20:21:38 UTC] PHP   1. {main}() /home/ubuntu/workspace/php-mini-projs/chat-app/server.php:0
[12-Feb-2018 20:21:38 UTC] PHP   2. mysql_connect() /home/ubuntu/workspace/php-mini-projs/chat-app/server.php:6
[12-Feb-2018 20:21:41 UTC] PHP Warning:  mysql_connect(): Access denied for user 'root'@'localhost' (using password: YES) in /home/ubuntu/workspace/php-mini-projs/chat-app/server.php on line 6
[12-Feb-2018 20:21:41 UTC] PHP Stack trace:
[12-Feb-2018 20:21:41 UTC] PHP   1. {main}() /home/ubuntu/workspace/php-mini-projs/chat-app/server.php:0
[12-Feb-2018 20:21:41 UTC] PHP   2. mysql_connect() /home/ubuntu/workspace/php-mini-projs/chat-app/server.php:6
[12-Feb-2018 20:21:42 UTC] PHP Warning:  mysql_connect(): Access denied for user 'root'@'localhost' (using password: YES) in /home/ubuntu/workspace/php-mini-projs/chat-app/server.php on line 6
[12-Feb-2018 20:21:42 UTC] PHP Stack trace:
[12-Feb-2018 20:21:42 UTC] PHP   1. {main}() /home/ubuntu/workspace/php-mini-projs/chat-app/server.php:0
[12-Feb-2018 20:21:42 UTC] PHP   2. mysql_connect() /home/ubuntu/workspace/php-mini-projs/chat-app/server.php:6
[12-Feb-2018 20:21:44 UTC] PHP Warning:  mysql_connect(): Access denied for user 'root'@'localhost' (using password: YES) in /home/ubuntu/workspace/php-mini-projs/chat-app/server.php on line 6
[12-Feb-2018 20:21:44 UTC] PHP Stack trace:
[12-Feb-2018 20:21:44 UTC] PHP   1. {main}() /home/ubuntu/workspace/php-mini-projs/chat-app/server.php:0
[12-Feb-2018 20:21:44 UTC] PHP   2. mysql_connect() /home/ubuntu/workspace/php-mini-projs/chat-app/server.php:6
[12-Feb-2018 20:21:46 UTC] PHP Warning:  mysql_connect(): Access denied for user 'root'@'localhost' (using password: YES) in /home/ubuntu/workspace/php-mini-projs/chat-app/server.php on line 6
[12-Feb-2018 20:21:46 UTC] PHP Stack trace:
[12-Feb-2018 20:21:46 UTC] PHP   1. {main}() /home/ubuntu/workspace/php-mini-projs/chat-app/server.php:0
[12-Feb-2018 20:21:46 UTC] PHP   2. mysql_connect() /home/ubuntu/workspace/php-mini-projs/chat-app/server.php:6
[12-Feb-2018 20:21:49 UTC] PHP Warning:  mysql_connect(): Access denied for user 'root'@'localhost' (using password: YES) in /home/ubuntu/workspace/php-mini-projs/chat-app/server.php on line 6
[12-Feb-2018 20:21:49 UTC] PHP Stack trace:
[12-Feb-2018 20:21:49 UTC] PHP   1. {main}() /home/ubuntu/workspace/php-mini-projs/chat-app/server.php:0
[12-Feb-2018 20:21:49 UTC] PHP   2. mysql_connect() /home/ubuntu/workspace/php-mini-projs/chat-app/server.php:6
[12-Feb-2018 20:21:50 UTC] PHP Warning:  mysql_connect(): Access denied for user 'root'@'localhost' (using password: YES) in /home/ubuntu/workspace/php-mini-projs/chat-app/server.php on line 6
[12-Feb-2018 20:21:50 UTC] PHP Stack trace:
[12-Feb-2018 20:21:50 UTC] PHP   1. {main}() /home/ubuntu/workspace/php-mini-projs/chat-app/server.php:0
[12-Feb-2018 20:21:50 UTC] PHP   2. mysql_connect() /home/ubuntu/workspace/php-mini-projs/chat-app/server.php:6
[12-Feb-2018 20:21:53 UTC] PHP Warning:  mysql_connect(): Access denied for user 'root'@'localhost' (using password: YES) in /home/ubuntu/workspace/php-mini-projs/chat-app/server.php on line 6
[12-Feb-2018 20:21:53 UTC] PHP Stack trace:
[12-Feb-2018 20:21:53 UTC] PHP   1. {main}() /home/ubuntu/workspace/php-mini-projs/chat-app/server.php:0
[12-Feb-2018 20:21:53 UTC] PHP   2. mysql_connect() /home/ubuntu/workspace/php-mini-projs/chat-app/server.php:6
[12-Feb-2018 20:21:54 UTC] PHP Warning:  mysql_connect(): Access denied for user 'root'@'localhost' (using password: YES) in /home/ubuntu/workspace/php-mini-projs/chat-app/server.php on line 6
[12-Feb-2018 20:21:54 UTC] PHP Stack trace:
[12-Feb-2018 20:21:54 UTC] PHP   1. {main}() /home/ubuntu/workspace/php-mini-projs/chat-app/server.php:0
[12-Feb-2018 20:21:54 UTC] PHP   2. mysql_connect() /home/ubuntu/workspace/php-mini-projs/chat-app/server.php:6
[12-Feb-2018 20:21:57 UTC] PHP Warning:  mysql_connect(): Access denied for user 'root'@'localhost' (using password: YES) in /home/ubuntu/workspace/php-mini-projs/chat-app/server.php on line 6
[12-Feb-2018 20:21:57 UTC] PHP Stack trace:
[12-Feb-2018 20:21:57 UTC] PHP   1. {main}() /home/ubuntu/workspace/php-mini-projs/chat-app/server.php:0
[12-Feb-2018 20:21:57 UTC] PHP   2. mysql_connect() /home/ubuntu/workspace/php-mini-projs/chat-app/server.php:6
[12-Feb-2018 20:21:58 UTC] PHP Warning:  mysql_connect(): Access denied for user 'root'@'localhost' (using password: YES) in /home/ubuntu/workspace/php-mini-projs/chat-app/server.php on line 6
[12-Feb-2018 20:21:58 UTC] PHP Stack trace:
[12-Feb-2018 20:21:58 UTC] PHP   1. {main}() /home/ubuntu/workspace/php-mini-projs/chat-app/server.php:0
[12-Feb-2018 20:21:58 UTC] PHP   2. mysql_connect() /home/ubuntu/workspace/php-mini-projs/chat-app/server.php:6
[12-Feb-2018 20:22:00 UTC] PHP Warning:  mysql_connect(): Access denied for user 'root'@'localhost' (using password: YES) in /home/ubuntu/workspace/php-mini-projs/chat-app/server.php on line 6
[12-Feb-2018 20:22:00 UTC] PHP Stack trace:
[12-Feb-2018 20:22:00 UTC] PHP   1. {main}() /home/ubuntu/workspace/php-mini-projs/chat-app/server.php:0
[12-Feb-2018 20:22:00 UTC] PHP   2. mysql_connect() /home/ubuntu/workspace/php-mini-projs/chat-app/server.php:6
[12-Feb-2018 20:22:01 UTC] PHP Warning:  mysql_connect(): Access denied for user 'root'@'localhost' (using password: YES) in /home/ubuntu/workspace/php-mini-projs/chat-app/server.php on line 6
[12-Feb-2018 20:22:01 UTC] PHP Stack trace:
[12-Feb-2018 20:22:01 UTC] PHP   1. {main}() /home/ubuntu/workspace/php-mini-projs/chat-app/server.php:0
[12-Feb-2018 20:22:01 UTC] PHP   2. mysql_connect() /home/ubuntu/workspace/php-mini-projs/chat-app/server.php:6
[12-Feb-2018 20:22:03 UTC] PHP Warning:  mysql_connect(): Access denied for user 'root'@'localhost' (using password: YES) in /home/ubuntu/workspace/php-mini-projs/chat-app/server.php on line 6
[12-Feb-2018 20:22:03 UTC] PHP Stack trace:
[12-Feb-2018 20:22:03 UTC] PHP   1. {main}() /home/ubuntu/workspace/php-mini-projs/chat-app/server.php:0
[12-Feb-2018 20:22:03 UTC] PHP   2. mysql_connect() /home/ubuntu/workspace/php-mini-projs/chat-app/server.php:6
[12-Feb-2018 20:22:06 UTC] PHP Warning:  mysql_connect(): Access denied for user 'root'@'localhost' (using password: YES) in /home/ubuntu/workspace/php-mini-projs/chat-app/server.php on line 6
[12-Feb-2018 20:22:06 UTC] PHP Stack trace:
[12-Feb-2018 20:22:06 UTC] PHP   1. {main}() /home/ubuntu/workspace/php-mini-projs/chat-app/server.php:0
[12-Feb-2018 20:22:06 UTC] PHP   2. mysql_connect() /home/ubuntu/workspace/php-mini-projs/chat-app/server.php:6
[12-Feb-2018 20:22:07 UTC] PHP Warning:  mysql_connect(): Access denied for user 'root'@'localhost' (using password: YES) in /home/ubuntu/workspace/php-mini-projs/chat-app/server.php on line 6
[12-Feb-2018 20:22:07 UTC] PHP Stack trace:
[12-Feb-2018 20:22:07 UTC] PHP   1. {main}() /home/ubuntu/workspace/php-mini-projs/chat-app/server.php:0
[12-Feb-2018 20:22:07 UTC] PHP   2. mysql_connect() /home/ubuntu/workspace/php-mini-projs/chat-app/server.php:6
[12-Feb-2018 20:22:08 UTC] PHP Warning:  mysql_connect(): Access denied for user 'root'@'localhost' (using password: YES) in /home/ubuntu/workspace/php-mini-projs/chat-app/server.php on line 6
[12-Feb-2018 20:22:08 UTC] PHP Stack trace:
[12-Feb-2018 20:22:08 UTC] PHP   1. {main}() /home/ubuntu/workspace/php-mini-projs/chat-app/server.php:0
[12-Feb-2018 20:22:08 UTC] PHP   2. mysql_connect() /home/ubuntu/workspace/php-mini-projs/chat-app/server.php:6
[12-Feb-2018 20:22:10 UTC] PHP Warning:  mysql_connect(): Access denied for user 'root'@'localhost' (using password: YES) in /home/ubuntu/workspace/php-mini-projs/chat-app/server.php on line 6
[12-Feb-2018 20:22:10 UTC] PHP Stack trace:
[12-Feb-2018 20:22:10 UTC] PHP   1. {main}() /home/ubuntu/workspace/php-mini-projs/chat-app/server.php:0
[12-Feb-2018 20:22:10 UTC] PHP   2. mysql_connect() /home/ubuntu/workspace/php-mini-projs/chat-app/server.php:6
[12-Feb-2018 20:22:11 UTC] PHP Warning:  mysql_connect(): Access denied for user 'root'@'localhost' (using password: YES) in /home/ubuntu/workspace/php-mini-projs/chat-app/server.php on line 6
[12-Feb-2018 20:22:11 UTC] PHP Stack trace:
[12-Feb-2018 20:22:11 UTC] PHP   1. {main}() /home/ubuntu/workspace/php-mini-projs/chat-app/server.php:0
[12-Feb-2018 20:22:11 UTC] PHP   2. mysql_connect() /home/ubuntu/workspace/php-mini-projs/chat-app/server.php:6
[12-Feb-2018 20:22:13 UTC] PHP Warning:  mysql_connect(): Access denied for user 'root'@'localhost' (using password: YES) in /home/ubuntu/workspace/php-mini-projs/chat-app/server.php on line 6
[12-Feb-2018 20:22:13 UTC] PHP Stack trace:
[12-Feb-2018 20:22:13 UTC] PHP   1. {main}() /home/ubuntu/workspace/php-mini-projs/chat-app/server.php:0
[12-Feb-2018 20:22:13 UTC] PHP   2. mysql_connect() /home/ubuntu/workspace/php-mini-projs/chat-app/server.php:6
[12-Feb-2018 20:22:14 UTC] PHP Warning:  mysql_connect(): Access denied for user 'root'@'localhost' (using password: YES) in /home/ubuntu/workspace/php-mini-projs/chat-app/server.php on line 6
[12-Feb-2018 20:22:14 UTC] PHP Stack trace:
[12-Feb-2018 20:22:14 UTC] PHP   1. {main}() /home/ubuntu/workspace/php-mini-projs/chat-app/server.php:0
[12-Feb-2018 20:22:14 UTC] PHP   2. mysql_connect() /home/ubuntu/workspace/php-mini-projs/chat-app/server.php:6
[12-Feb-2018 20:22:16 UTC] PHP Warning:  mysql_connect(): Access denied for user 'root'@'localhost' (using password: YES) in /home/ubuntu/workspace/php-mini-projs/chat-app/server.php on line 6
[12-Feb-2018 20:22:16 UTC] PHP Stack trace:
[12-Feb-2018 20:22:16 UTC] PHP   1. {main}() /home/ubuntu/workspace/php-mini-projs/chat-app/server.php:0
[12-Feb-2018 20:22:16 UTC] PHP   2. mysql_connect() /home/ubuntu/workspace/php-mini-projs/chat-app/server.php:6
[12-Feb-2018 20:22:18 UTC] PHP Warning:  mysql_connect(): Access denied for user 'root'@'localhost' (using password: YES) in /home/ubuntu/workspace/php-mini-projs/chat-app/server.php on line 6
[12-Feb-2018 20:22:18 UTC] PHP Stack trace:
[12-Feb-2018 20:22:18 UTC] PHP   1. {main}() /home/ubuntu/workspace/php-mini-projs/chat-app/server.php:0
[12-Feb-2018 20:22:18 UTC] PHP   2. mysql_connect() /home/ubuntu/workspace/php-mini-projs/chat-app/server.php:6
[12-Feb-2018 20:22:20 UTC] PHP Warning:  mysql_connect(): Access denied for user 'root'@'localhost' (using password: YES) in /home/ubuntu/workspace/php-mini-projs/chat-app/server.php on line 6
[12-Feb-2018 20:22:20 UTC] PHP Stack trace:
[12-Feb-2018 20:22:20 UTC] PHP   1. {main}() /home/ubuntu/workspace/php-mini-projs/chat-app/server.php:0
[12-Feb-2018 20:22:20 UTC] PHP   2. mysql_connect() /home/ubuntu/workspace/php-mini-projs/chat-app/server.php:6
[12-Feb-2018 20:22:21 UTC] PHP Warning:  mysql_connect(): Access denied for user 'root'@'localhost' (using password: YES) in /home/ubuntu/workspace/php-mini-projs/chat-app/server.php on line 6
[12-Feb-2018 20:22:21 UTC] PHP Stack trace:
[12-Feb-2018 20:22:21 UTC] PHP   1. {main}() /home/ubuntu/workspace/php-mini-projs/chat-app/server.php:0
[12-Feb-2018 20:22:21 UTC] PHP   2. mysql_connect() /home/ubuntu/workspace/php-mini-projs/chat-app/server.php:6
[12-Feb-2018 20:22:23 UTC] PHP Warning:  mysql_connect(): Access denied for user 'root'@'localhost' (using password: YES) in /home/ubuntu/workspace/php-mini-projs/chat-app/server.php on line 6
[12-Feb-2018 20:22:23 UTC] PHP Stack trace:
[12-Feb-2018 20:22:23 UTC] PHP   1. {main}() /home/ubuntu/workspace/php-mini-projs/chat-app/server.php:0
[12-Feb-2018 20:22:23 UTC] PHP   2. mysql_connect() /home/ubuntu/workspace/php-mini-projs/chat-app/server.php:6
[12-Feb-2018 20:22:25 UTC] PHP Warning:  mysql_connect(): Access denied for user 'root'@'localhost' (using password: YES) in /home/ubuntu/workspace/php-mini-projs/chat-app/server.php on line 6
[12-Feb-2018 20:22:25 UTC] PHP Stack trace:
[12-Feb-2018 20:22:25 UTC] PHP   1. {main}() /home/ubuntu/workspace/php-mini-projs/chat-app/server.php:0
[12-Feb-2018 20:22:25 UTC] PHP   2. mysql_connect() /home/ubuntu/workspace/php-mini-projs/chat-app/server.php:6
[12-Feb-2018 20:22:27 UTC] PHP Warning:  mysql_connect(): Access denied for user 'root'@'localhost' (using password: YES) in /home/ubuntu/workspace/php-mini-projs/chat-app/server.php on line 6
[12-Feb-2018 20:22:27 UTC] PHP Stack trace:
[12-Feb-2018 20:22:27 UTC] PHP   1. {main}() /home/ubuntu/workspace/php-mini-projs/chat-app/server.php:0
[12-Feb-2018 20:22:27 UTC] PHP   2. mysql_connect() /home/ubuntu/workspace/php-mini-projs/chat-app/server.php:6
[12-Feb-2018 20:22:29 UTC] PHP Warning:  mysql_connect(): Access denied for user 'root'@'localhost' (using password: YES) in /home/ubuntu/workspace/php-mini-projs/chat-app/server.php on line 6
[12-Feb-2018 20:22:29 UTC] PHP Stack trace:
[12-Feb-2018 20:22:29 UTC] PHP   1. {main}() /home/ubuntu/workspace/php-mini-projs/chat-app/server.php:0
[12-Feb-2018 20:22:29 UTC] PHP   2. mysql_connect() /home/ubuntu/workspace/php-mini-projs/chat-app/server.php:6
[12-Feb-2018 20:22:30 UTC] PHP Warning:  mysql_connect(): Access denied for user 'root'@'localhost' (using password: YES) in /home/ubuntu/workspace/php-mini-projs/chat-app/server.php on line 6
[12-Feb-2018 20:22:30 UTC] PHP Stack trace:
[12-Feb-2018 20:22:30 UTC] PHP   1. {main}() /home/ubuntu/workspace/php-mini-projs/chat-app/server.php:0
[12-Feb-2018 20:22:30 UTC] PHP   2. mysql_connect() /home/ubuntu/workspace/php-mini-projs/chat-app/server.php:6
[12-Feb-2018 20:22:32 UTC] PHP Warning:  mysql_connect(): Access denied for user 'root'@'localhost' (using password: YES) in /home/ubuntu/workspace/php-mini-projs/chat-app/server.php on line 6
[12-Feb-2018 20:22:32 UTC] PHP Stack trace:
[12-Feb-2018 20:22:32 UTC] PHP   1. {main}() /home/ubuntu/workspace/php-mini-projs/chat-app/server.php:0
[12-Feb-2018 20:22:32 UTC] PHP   2. mysql_connect() /home/ubuntu/workspace/php-mini-projs/chat-app/server.php:6
[12-Feb-2018 20:22:33 UTC] PHP Warning:  mysql_connect(): Access denied for user 'root'@'localhost' (using password: YES) in /home/ubuntu/workspace/php-mini-projs/chat-app/server.php on line 6
[12-Feb-2018 20:22:33 UTC] PHP Stack trace:
[12-Feb-2018 20:22:33 UTC] PHP   1. {main}() /home/ubuntu/workspace/php-mini-projs/chat-app/server.php:0
[12-Feb-2018 20:22:33 UTC] PHP   2. mysql_connect() /home/ubuntu/workspace/php-mini-projs/chat-app/server.php:6
[12-Feb-2018 20:22:36 UTC] PHP Warning:  mysql_connect(): Access denied for user 'root'@'localhost' (using password: YES) in /home/ubuntu/workspace/php-mini-projs/chat-app/server.php on line 6
[12-Feb-2018 20:22:36 UTC] PHP Stack trace:
[12-Feb-2018 20:22:36 UTC] PHP   1. {main}() /home/ubuntu/workspace/php-mini-projs/chat-app/server.php:0
[12-Feb-2018 20:22:36 UTC] PHP   2. mysql_connect() /home/ubuntu/workspace/php-mini-projs/chat-app/server.php:6
[12-Feb-2018 20:22:37 UTC] PHP Warning:  mysql_connect(): Access denied for user 'root'@'localhost' (using password: YES) in /home/ubuntu/workspace/php-mini-projs/chat-app/server.php on line 6
[12-Feb-2018 20:22:37 UTC] PHP Stack trace:
[12-Feb-2018 20:22:37 UTC] PHP   1. {main}() /home/ubuntu/workspace/php-mini-projs/chat-app/server.php:0
[12-Feb-2018 20:22:37 UTC] PHP   2. mysql_connect() /home/ubuntu/workspace/php-mini-projs/chat-app/server.php:6
[12-Feb-2018 20:22:39 UTC] PHP Warning:  mysql_connect(): Access denied for user 'root'@'localhost' (using password: YES) in /home/ubuntu/workspace/php-mini-projs/chat-app/server.php on line 6
[12-Feb-2018 20:22:39 UTC] PHP Stack trace:
[12-Feb-2018 20:22:39 UTC] PHP   1. {main}() /home/ubuntu/workspace/php-mini-projs/chat-app/server.php:0
[12-Feb-2018 20:22:39 UTC] PHP   2. mysql_connect() /home/ubuntu/workspace/php-mini-projs/chat-app/server.php:6
[12-Feb-2018 20:22:41 UTC] PHP Warning:  mysql_connect(): Access denied for user 'root'@'localhost' (using password: YES) in /home/ubuntu/workspace/php-mini-projs/chat-app/server.php on line 6
[12-Feb-2018 20:22:41 UTC] PHP Stack trace:
[12-Feb-2018 20:22:41 UTC] PHP   1. {main}() /home/ubuntu/workspace/php-mini-projs/chat-app/server.php:0
[12-Feb-2018 20:22:41 UTC] PHP   2. mysql_connect() /home/ubuntu/workspace/php-mini-projs/chat-app/server.php:6
[12-Feb-2018 20:22:42 UTC] PHP Warning:  mysql_connect(): Access denied for user ''@'localhost' (using password: NO) in /home/ubuntu/workspace/php-mini-projs/chat-app/server.php on line 12
[12-Feb-2018 20:22:42 UTC] PHP Stack trace:
[12-Feb-2018 20:22:42 UTC] PHP   1. {main}() /home/ubuntu/workspace/php-mini-projs/chat-app/server.php:0
[12-Feb-2018 20:22:42 UTC] PHP   2. mysql_connect() /home/ubuntu/workspace/php-mini-projs/chat-app/server.php:12
[12-Feb-2018 20:22:43 UTC] PHP Warning:  mysql_connect(): Access denied for user ''@'localhost' (using password: NO) in /home/ubuntu/workspace/php-mini-projs/chat-app/server.php on line 12
[12-Feb-2018 20:22:43 UTC] PHP Stack trace:
[12-Feb-2018 20:22:43 UTC] PHP   1. {main}() /home/ubuntu/workspace/php-mini-projs/chat-app/server.php:0
[12-Feb-2018 20:22:43 UTC] PHP   2. mysql_connect() /home/ubuntu/workspace/php-mini-projs/chat-app/server.php:12
[12-Feb-2018 20:22:44 UTC] PHP Warning:  mysql_connect(): Access denied for user ''@'localhost' (using password: NO) in /home/ubuntu/workspace/php-mini-projs/chat-app/server.php on line 12
[12-Feb-2018 20:22:44 UTC] PHP Stack trace:
[12-Feb-2018 20:22:44 UTC] PHP   1. {main}() /home/ubuntu/workspace/php-mini-projs/chat-app/server.php:0
[12-Feb-2018 20:22:44 UTC] PHP   2. mysql_connect() /home/ubuntu/workspace/php-mini-projs/chat-app/server.php:12
[12-Feb-2018 20:22:46 UTC] PHP Warning:  mysql_connect(): Access denied for user ''@'localhost' (using password: NO) in /home/ubuntu/workspace/php-mini-projs/chat-app/server.php on line 12
[12-Feb-2018 20:22:46 UTC] PHP Stack trace:
[12-Feb-2018 20:22:46 UTC] PHP   1. {main}() /home/ubuntu/workspace/php-mini-projs/chat-app/server.php:0
[12-Feb-2018 20:22:46 UTC] PHP   2. mysql_connect() /home/ubuntu/workspace/php-mini-projs/chat-app/server.php:12
[12-Feb-2018 20:22:47 UTC] PHP Warning:  mysql_connect(): Access denied for user ''@'localhost' (using password: NO) in /home/ubuntu/workspace/php-mini-projs/chat-app/server.php on line 12
[12-Feb-2018 20:22:47 UTC] PHP Stack trace:
[12-Feb-2018 20:22:47 UTC] PHP   1. {main}() /home/ubuntu/workspace/php-mini-projs/chat-app/server.php:0
[12-Feb-2018 20:22:47 UTC] PHP   2. mysql_connect() /home/ubuntu/workspace/php-mini-projs/chat-app/server.php:12
[12-Feb-2018 20:22:49 UTC] PHP Warning:  mysql_connect(): Access denied for user ''@'localhost' (using password: NO) in /home/ubuntu/workspace/php-mini-projs/chat-app/server.php on line 12
[12-Feb-2018 20:22:49 UTC] PHP Stack trace:
[12-Feb-2018 20:22:49 UTC] PHP   1. {main}() /home/ubuntu/workspace/php-mini-projs/chat-app/server.php:0
[12-Feb-2018 20:22:49 UTC] PHP   2. mysql_connect() /home/ubuntu/workspace/php-mini-projs/chat-app/server.php:12
[12-Feb-2018 20:22:50 UTC] PHP Warning:  mysql_connect(): Access denied for user ''@'localhost' (using password: NO) in /home/ubuntu/workspace/php-mini-projs/chat-app/server.php on line 12
[12-Feb-2018 20:22:50 UTC] PHP Stack trace:
[12-Feb-2018 20:22:50 UTC] PHP   1. {main}() /home/ubuntu/workspace/php-mini-projs/chat-app/server.php:0
[12-Feb-2018 20:22:50 UTC] PHP   2. mysql_connect() /home/ubuntu/workspace/php-mini-projs/chat-app/server.php:12
[12-Feb-2018 20:22:56 UTC] PHP Warning:  mysql_connect(): Access denied for user ''@'localhost' (using password: NO) in /home/ubuntu/workspace/php-mini-projs/chat-app/server.php on line 12
[12-Feb-2018 20:22:56 UTC] PHP Stack trace:
[12-Feb-2018 20:22:56 UTC] PHP   1. {main}() /home/ubuntu/workspace/php-mini-projs/chat-app/server.php:0
[12-Feb-2018 20:22:56 UTC] PHP   2. mysql_connect() /home/ubuntu/workspace/php-mini-projs/chat-app/server.php:12
[12-Feb-2018 20:22:56 UTC] PHP Warning:  mysql_connect(): Access denied for user ''@'localhost' (using password: NO) in /home/ubuntu/workspace/php-mini-projs/chat-app/server.php on line 12
[12-Feb-2018 20:22:56 UTC] PHP Stack trace:
[12-Feb-2018 20:22:56 UTC] PHP   1. {main}() /home/ubuntu/workspace/php-mini-projs/chat-app/server.php:0
[12-Feb-2018 20:22:56 UTC] PHP   2. mysql_connect() /home/ubuntu/workspace/php-mini-projs/chat-app/server.php:12
[12-Feb-2018 20:22:57 UTC] PHP Warning:  mysql_connect(): Access denied for user ''@'localhost' (using password: NO) in /home/ubuntu/workspace/php-mini-projs/chat-app/server.php on line 12
[12-Feb-2018 20:22:57 UTC] PHP Stack trace:
[12-Feb-2018 20:22:57 UTC] PHP   1. {main}() /home/ubuntu/workspace/php-mini-projs/chat-app/server.php:0
[12-Feb-2018 20:22:57 UTC] PHP   2. mysql_connect() /home/ubuntu/workspace/php-mini-projs/chat-app/server.php:12
[12-Feb-2018 20:22:59 UTC] PHP Warning:  mysql_connect(): Access denied for user ''@'localhost' (using password: NO) in /home/ubuntu/workspace/php-mini-projs/chat-app/server.php on line 12
[12-Feb-2018 20:22:59 UTC] PHP Stack trace:
[12-Feb-2018 20:22:59 UTC] PHP   1. {main}() /home/ubuntu/workspace/php-mini-projs/chat-app/server.php:0
[12-Feb-2018 20:22:59 UTC] PHP   2. mysql_connect() /home/ubuntu/workspace/php-mini-projs/chat-app/server.php:12
[12-Feb-2018 20:23:00 UTC] PHP Warning:  mysql_connect(): Access denied for user ''@'localhost' (using password: NO) in /home/ubuntu/workspace/php-mini-projs/chat-app/server.php on line 12
[12-Feb-2018 20:23:00 UTC] PHP Stack trace:
[12-Feb-2018 20:23:00 UTC] PHP   1. {main}() /home/ubuntu/workspace/php-mini-projs/chat-app/server.php:0
[12-Feb-2018 20:23:00 UTC] PHP   2. mysql_connect() /home/ubuntu/workspace/php-mini-projs/chat-app/server.php:12
[12-Feb-2018 20:23:01 UTC] PHP Warning:  mysql_connect(): Access denied for user ''@'localhost' (using password: NO) in /home/ubuntu/workspace/php-mini-projs/chat-app/server.php on line 12
[12-Feb-2018 20:23:01 UTC] PHP Stack trace:
[12-Feb-2018 20:23:01 UTC] PHP   1. {main}() /home/ubuntu/workspace/php-mini-projs/chat-app/server.php:0
[12-Feb-2018 20:23:01 UTC] PHP   2. mysql_connect() /home/ubuntu/workspace/php-mini-projs/chat-app/server.php:12
[12-Feb-2018 20:23:02 UTC] PHP Warning:  mysql_connect(): Access denied for user ''@'localhost' (using password: NO) in /home/ubuntu/workspace/php-mini-projs/chat-app/server.php on line 12
[12-Feb-2018 20:23:02 UTC] PHP Stack trace:
[12-Feb-2018 20:23:02 UTC] PHP   1. {main}() /home/ubuntu/workspace/php-mini-projs/chat-app/server.php:0
[12-Feb-2018 20:23:02 UTC] PHP   2. mysql_connect() /home/ubuntu/workspace/php-mini-projs/chat-app/server.php:12
[12-Feb-2018 20:23:03 UTC] PHP Warning:  mysql_connect(): Access denied for user ''@'localhost' (using password: NO) in /home/ubuntu/workspace/php-mini-projs/chat-app/server.php on line 12
[12-Feb-2018 20:23:03 UTC] PHP Stack trace:
[12-Feb-2018 20:23:03 UTC] PHP   1. {main}() /home/ubuntu/workspace/php-mini-projs/chat-app/server.php:0
[12-Feb-2018 20:23:03 UTC] PHP   2. mysql_connect() /home/ubuntu/workspace/php-mini-projs/chat-app/server.php:12
[12-Feb-2018 20:23:04 UTC] PHP Warning:  mysql_connect(): Access denied for user ''@'localhost' (using password: NO) in /home/ubuntu/workspace/php-mini-projs/chat-app/server.php on line 12
[12-Feb-2018 20:23:04 UTC] PHP Stack trace:
[12-Feb-2018 20:23:04 UTC] PHP   1. {main}() /home/ubuntu/workspace/php-mini-projs/chat-app/server.php:0
[12-Feb-2018 20:23:04 UTC] PHP   2. mysql_connect() /home/ubuntu/workspace/php-mini-projs/chat-app/server.php:12
[12-Feb-2018 20:23:06 UTC] PHP Warning:  mysql_connect(): Access denied for user ''@'localhost' (using password: NO) in /home/ubuntu/workspace/php-mini-projs/chat-app/server.php on line 12
[12-Feb-2018 20:23:06 UTC] PHP Stack trace:
[12-Feb-2018 20:23:06 UTC] PHP   1. {main}() /home/ubuntu/workspace/php-mini-projs/chat-app/server.php:0
[12-Feb-2018 20:23:06 UTC] PHP   2. mysql_connect() /home/ubuntu/workspace/php-mini-projs/chat-app/server.php:12
[12-Feb-2018 20:23:07 UTC] PHP Warning:  mysql_connect(): Access denied for user ''@'localhost' (using password: NO) in /home/ubuntu/workspace/php-mini-projs/chat-app/server.php on line 12
[12-Feb-2018 20:23:07 UTC] PHP Stack trace:
[12-Feb-2018 20:23:07 UTC] PHP   1. {main}() /home/ubuntu/workspace/php-mini-projs/chat-app/server.php:0
[12-Feb-2018 20:23:07 UTC] PHP   2. mysql_connect() /home/ubuntu/workspace/php-mini-projs/chat-app/server.php:12
[12-Feb-2018 20:23:09 UTC] PHP Warning:  mysql_connect(): Access denied for user ''@'localhost' (using password: NO) in /home/ubuntu/workspace/php-mini-projs/chat-app/server.php on line 12
[12-Feb-2018 20:23:09 UTC] PHP Stack trace:
[12-Feb-2018 20:23:09 UTC] PHP   1. {main}() /home/ubuntu/workspace/php-mini-projs/chat-app/server.php:0
[12-Feb-2018 20:23:09 UTC] PHP   2. mysql_connect() /home/ubuntu/workspace/php-mini-projs/chat-app/server.php:12
[12-Feb-2018 20:23:12 UTC] PHP Warning:  mysql_connect(): Access denied for user ''@'localhost' (using password: NO) in /home/ubuntu/workspace/php-mini-projs/chat-app/server.php on line 12
[12-Feb-2018 20:23:12 UTC] PHP Stack trace:
[12-Feb-2018 20:23:12 UTC] PHP   1. {main}() /home/ubuntu/workspace/php-mini-projs/chat-app/server.php:0
[12-Feb-2018 20:23:12 UTC] PHP   2. mysql_connect() /home/ubuntu/workspace/php-mini-projs/chat-app/server.php:12
[12-Feb-2018 20:23:13 UTC] PHP Warning:  mysql_connect(): Access denied for user ''@'localhost' (using password: NO) in /home/ubuntu/workspace/php-mini-projs/chat-app/server.php on line 12
[12-Feb-2018 20:23:13 UTC] PHP Stack trace:
[12-Feb-2018 20:23:13 UTC] PHP   1. {main}() /home/ubuntu/workspace/php-mini-projs/chat-app/server.php:0
[12-Feb-2018 20:23:13 UTC] PHP   2. mysql_connect() /home/ubuntu/workspace/php-mini-projs/chat-app/server.php:12
[12-Feb-2018 20:23:15 UTC] PHP Warning:  mysql_connect(): Access denied for user ''@'localhost' (using password: NO) in /home/ubuntu/workspace/php-mini-projs/chat-app/server.php on line 12
[12-Feb-2018 20:23:15 UTC] PHP Stack trace:
[12-Feb-2018 20:23:15 UTC] PHP   1. {main}() /home/ubuntu/workspace/php-mini-projs/chat-app/server.php:0
[12-Feb-2018 20:23:15 UTC] PHP   2. mysql_connect() /home/ubuntu/workspace/php-mini-projs/chat-app/server.php:12
[12-Feb-2018 20:23:17 UTC] PHP Warning:  mysql_connect(): Access denied for user ''@'localhost' (using password: NO) in /home/ubuntu/workspace/php-mini-projs/chat-app/server.php on line 12
[12-Feb-2018 20:23:17 UTC] PHP Stack trace:
[12-Feb-2018 20:23:17 UTC] PHP   1. {main}() /home/ubuntu/workspace/php-mini-projs/chat-app/server.php:0
[12-Feb-2018 20:23:17 UTC] PHP   2. mysql_connect() /home/ubuntu/workspace/php-mini-projs/chat-app/server.php:12
[12-Feb-2018 20:23:18 UTC] PHP Warning:  mysql_connect(): Access denied for user ''@'localhost' (using password: NO) in /home/ubuntu/workspace/php-mini-projs/chat-app/server.php on line 12
[12-Feb-2018 20:23:18 UTC] PHP Stack trace:
[12-Feb-2018 20:23:18 UTC] PHP   1. {main}() /home/ubuntu/workspace/php-mini-projs/chat-app/server.php:0
[12-Feb-2018 20:23:18 UTC] PHP   2. mysql_connect() /home/ubuntu/workspace/php-mini-projs/chat-app/server.php:12
[12-Feb-2018 20:23:20 UTC] PHP Warning:  mysql_connect(): Access denied for user ''@'localhost' (using password: NO) in /home/ubuntu/workspace/php-mini-projs/chat-app/server.php on line 12
[12-Feb-2018 20:23:20 UTC] PHP Stack trace:
[12-Feb-2018 20:23:20 UTC] PHP   1. {main}() /home/ubuntu/workspace/php-mini-projs/chat-app/server.php:0
[12-Feb-2018 20:23:20 UTC] PHP   2. mysql_connect() /home/ubuntu/workspace/php-mini-projs/chat-app/server.php:12
[12-Feb-2018 20:23:22 UTC] PHP Warning:  mysql_connect(): Access denied for user ''@'localhost' (using password: NO) in /home/ubuntu/workspace/php-mini-projs/chat-app/server.php on line 12
[12-Feb-2018 20:23:22 UTC] PHP Stack trace:
[12-Feb-2018 20:23:22 UTC] PHP   1. {main}() /home/ubuntu/workspace/php-mini-projs/chat-app/server.php:0
[12-Feb-2018 20:23:22 UTC] PHP   2. mysql_connect() /home/ubuntu/workspace/php-mini-projs/chat-app/server.php:12
[12-Feb-2018 20:23:23 UTC] PHP Warning:  mysql_connect(): Access denied for user ''@'localhost' (using password: NO) in /home/ubuntu/workspace/php-mini-projs/chat-app/server.php on line 12
[12-Feb-2018 20:23:23 UTC] PHP Stack trace:
[12-Feb-2018 20:23:23 UTC] PHP   1. {main}() /home/ubuntu/workspace/php-mini-projs/chat-app/server.php:0
[12-Feb-2018 20:23:23 UTC] PHP   2. mysql_connect() /home/ubuntu/workspace/php-mini-projs/chat-app/server.php:12
[12-Feb-2018 20:23:25 UTC] PHP Warning:  mysql_connect(): Access denied for user ''@'localhost' (using password: NO) in /home/ubuntu/workspace/php-mini-projs/chat-app/server.php on line 12
[12-Feb-2018 20:23:25 UTC] PHP Stack trace:
[12-Feb-2018 20:23:25 UTC] PHP   1. {main}() /home/ubuntu/workspace/php-mini-projs/chat-app/server.php:0
[12-Feb-2018 20:23:25 UTC] PHP   2. mysql_connect() /home/ubuntu/workspace/php-mini-projs/chat-app/server.php:12
[12-Feb-2018 20:23:27 UTC] PHP Warning:  mysql_connect(): Access denied for user ''@'localhost' (using password: NO) in /home/ubuntu/workspace/php-mini-projs/chat-app/server.php on line 12
[12-Feb-2018 20:23:27 UTC] PHP Stack trace:
[12-Feb-2018 20:23:27 UTC] PHP   1. {main}() /home/ubuntu/workspace/php-mini-projs/chat-app/server.php:0
[12-Feb-2018 20:23:27 UTC] PHP   2. mysql_connect() /home/ubuntu/workspace/php-mini-projs/chat-app/server.php:12
[12-Feb-2018 20:23:29 UTC] PHP Warning:  mysql_connect(): Access denied for user ''@'localhost' (using password: NO) in /home/ubuntu/workspace/php-mini-projs/chat-app/server.php on line 12
[12-Feb-2018 20:23:29 UTC] PHP Stack trace:
[12-Feb-2018 20:23:29 UTC] PHP   1. {main}() /home/ubuntu/workspace/php-mini-projs/chat-app/server.php:0
[12-Feb-2018 20:23:29 UTC] PHP   2. mysql_connect() /home/ubuntu/workspace/php-mini-projs/chat-app/server.php:12
[12-Feb-2018 20:23:30 UTC] PHP Warning:  mysql_connect(): Access denied for user ''@'localhost' (using password: NO) in /home/ubuntu/workspace/php-mini-projs/chat-app/server.php on line 12
[12-Feb-2018 20:23:30 UTC] PHP Stack trace:
[12-Feb-2018 20:23:30 UTC] PHP   1. {main}() /home/ubuntu/workspace/php-mini-projs/chat-app/server.php:0
[12-Feb-2018 20:23:30 UTC] PHP   2. mysql_connect() /home/ubuntu/workspace/php-mini-projs/chat-app/server.php:12
[12-Feb-2018 20:23:32 UTC] PHP Warning:  mysql_connect(): Access denied for user ''@'localhost' (using password: NO) in /home/ubuntu/workspace/php-mini-projs/chat-app/server.php on line 12
[12-Feb-2018 20:23:32 UTC] PHP Stack trace:
[12-Feb-2018 20:23:32 UTC] PHP   1. {main}() /home/ubuntu/workspace/php-mini-projs/chat-app/server.php:0
[12-Feb-2018 20:23:32 UTC] PHP   2. mysql_connect() /home/ubuntu/workspace/php-mini-projs/chat-app/server.php:12
[12-Feb-2018 20:23:34 UTC] PHP Warning:  mysql_connect(): Access denied for user ''@'localhost' (using password: NO) in /home/ubuntu/workspace/php-mini-projs/chat-app/server.php on line 12
[12-Feb-2018 20:23:34 UTC] PHP Stack trace:
[12-Feb-2018 20:23:34 UTC] PHP   1. {main}() /home/ubuntu/workspace/php-mini-projs/chat-app/server.php:0
[12-Feb-2018 20:23:34 UTC] PHP   2. mysql_connect() /home/ubuntu/workspace/php-mini-projs/chat-app/server.php:12
[12-Feb-2018 20:23:35 UTC] PHP Warning:  mysql_connect(): Access denied for user ''@'localhost' (using password: NO) in /home/ubuntu/workspace/php-mini-projs/chat-app/server.php on line 12
[12-Feb-2018 20:23:35 UTC] PHP Stack trace:
[12-Feb-2018 20:23:35 UTC] PHP   1. {main}() /home/ubuntu/workspace/php-mini-projs/chat-app/server.php:0
[12-Feb-2018 20:23:35 UTC] PHP   2. mysql_connect() /home/ubuntu/workspace/php-mini-projs/chat-app/server.php:12
[12-Feb-2018 20:23:38 UTC] PHP Warning:  mysql_connect(): Access denied for user ''@'localhost' (using password: NO) in /home/ubuntu/workspace/php-mini-projs/chat-app/server.php on line 12
[12-Feb-2018 20:23:38 UTC] PHP Stack trace:
[12-Feb-2018 20:23:38 UTC] PHP   1. {main}() /home/ubuntu/workspace/php-mini-projs/chat-app/server.php:0
[12-Feb-2018 20:23:38 UTC] PHP   2. mysql_connect() /home/ubuntu/workspace/php-mini-projs/chat-app/server.php:12
[12-Feb-2018 20:23:39 UTC] PHP Warning:  mysql_connect(): Access denied for user ''@'localhost' (using password: NO) in /home/ubuntu/workspace/php-mini-projs/chat-app/server.php on line 12
[12-Feb-2018 20:23:39 UTC] PHP Stack trace:
[12-Feb-2018 20:23:39 UTC] PHP   1. {main}() /home/ubuntu/workspace/php-mini-projs/chat-app/server.php:0
[12-Feb-2018 20:23:39 UTC] PHP   2. mysql_connect() /home/ubuntu/workspace/php-mini-projs/chat-app/server.php:12
[12-Feb-2018 20:23:40 UTC] PHP Warning:  mysql_connect(): Access denied for user ''@'localhost' (using password: NO) in /home/ubuntu/workspace/php-mini-projs/chat-app/server.php on line 12
[12-Feb-2018 20:23:40 UTC] PHP Stack trace:
[12-Feb-2018 20:23:40 UTC] PHP   1. {main}() /home/ubuntu/workspace/php-mini-projs/chat-app/server.php:0
[12-Feb-2018 20:23:40 UTC] PHP   2. mysql_connect() /home/ubuntu/workspace/php-mini-projs/chat-app/server.php:12
[12-Feb-2018 20:23:42 UTC] PHP Warning:  mysql_connect(): Access denied for user ''@'localhost' (using password: NO) in /home/ubuntu/workspace/php-mini-projs/chat-app/server.php on line 12
[12-Feb-2018 20:23:42 UTC] PHP Stack trace:
[12-Feb-2018 20:23:42 UTC] PHP   1. {main}() /home/ubuntu/workspace/php-mini-projs/chat-app/server.php:0
[12-Feb-2018 20:23:42 UTC] PHP   2. mysql_connect() /home/ubuntu/workspace/php-mini-projs/chat-app/server.php:12
[12-Feb-2018 20:23:44 UTC] PHP Warning:  mysql_connect(): Access denied for user ''@'localhost' (using password: NO) in /home/ubuntu/workspace/php-mini-projs/chat-app/server.php on line 12
[12-Feb-2018 20:23:44 UTC] PHP Stack trace:
[12-Feb-2018 20:23:44 UTC] PHP   1. {main}() /home/ubuntu/workspace/php-mini-projs/chat-app/server.php:0
[12-Feb-2018 20:23:44 UTC] PHP   2. mysql_connect() /home/ubuntu/workspace/php-mini-projs/chat-app/server.php:12
[12-Feb-2018 20:23:46 UTC] PHP Warning:  mysql_connect(): Access denied for user ''@'localhost' (using password: NO) in /home/ubuntu/workspace/php-mini-projs/chat-app/server.php on line 12
[12-Feb-2018 20:23:46 UTC] PHP Stack trace:
[12-Feb-2018 20:23:46 UTC] PHP   1. {main}() /home/ubuntu/workspace/php-mini-projs/chat-app/server.php:0
[12-Feb-2018 20:23:46 UTC] PHP   2. mysql_connect() /home/ubuntu/workspace/php-mini-projs/chat-app/server.php:12
[12-Feb-2018 20:23:47 UTC] PHP Warning:  mysql_connect(): Access denied for user ''@'localhost' (using password: NO) in /home/ubuntu/workspace/php-mini-projs/chat-app/server.php on line 12
[12-Feb-2018 20:23:47 UTC] PHP Stack trace:
[12-Feb-2018 20:23:47 UTC] PHP   1. {main}() /home/ubuntu/workspace/php-mini-projs/chat-app/server.php:0
[12-Feb-2018 20:23:47 UTC] PHP   2. mysql_connect() /home/ubuntu/workspace/php-mini-projs/chat-app/server.php:12
[12-Feb-2018 20:23:50 UTC] PHP Warning:  mysql_connect(): Access denied for user ''@'localhost' (using password: NO) in /home/ubuntu/workspace/php-mini-projs/chat-app/server.php on line 12
[12-Feb-2018 20:23:50 UTC] PHP Stack trace:
[12-Feb-2018 20:23:50 UTC] PHP   1. {main}() /home/ubuntu/workspace/php-mini-projs/chat-app/server.php:0
[12-Feb-2018 20:23:50 UTC] PHP   2. mysql_connect() /home/ubuntu/workspace/php-mini-projs/chat-app/server.php:12
[12-Feb-2018 20:23:52 UTC] PHP Warning:  mysql_connect(): Access denied for user ''@'localhost' (using password: NO) in /home/ubuntu/workspace/php-mini-projs/chat-app/server.php on line 12
[12-Feb-2018 20:23:52 UTC] PHP Stack trace:
[12-Feb-2018 20:23:52 UTC] PHP   1. {main}() /home/ubuntu/workspace/php-mini-projs/chat-app/server.php:0
[12-Feb-2018 20:23:52 UTC] PHP   2. mysql_connect() /home/ubuntu/workspace/php-mini-projs/chat-app/server.php:12
[12-Feb-2018 20:23:53 UTC] PHP Warning:  mysql_connect(): Access denied for user ''@'localhost' (using password: NO) in /home/ubuntu/workspace/php-mini-projs/chat-app/server.php on line 12
[12-Feb-2018 20:23:53 UTC] PHP Stack trace:
[12-Feb-2018 20:23:53 UTC] PHP   1. {main}() /home/ubuntu/workspace/php-mini-projs/chat-app/server.php:0
[12-Feb-2018 20:23:53 UTC] PHP   2. mysql_connect() /home/ubuntu/workspace/php-mini-projs/chat-app/server.php:12
[12-Feb-2018 20:23:55 UTC] PHP Warning:  mysql_connect(): Access denied for user ''@'localhost' (using password: NO) in /home/ubuntu/workspace/php-mini-projs/chat-app/server.php on line 12
[12-Feb-2018 20:23:55 UTC] PHP Stack trace:
[12-Feb-2018 20:23:55 UTC] PHP   1. {main}() /home/ubuntu/workspace/php-mini-projs/chat-app/server.php:0
[12-Feb-2018 20:23:55 UTC] PHP   2. mysql_connect() /home/ubuntu/workspace/php-mini-projs/chat-app/server.php:12
[12-Feb-2018 20:23:57 UTC] PHP Warning:  mysql_connect(): Access denied for user ''@'localhost' (using password: NO) in /home/ubuntu/workspace/php-mini-projs/chat-app/server.php on line 12
[12-Feb-2018 20:23:57 UTC] PHP Stack trace:
[12-Feb-2018 20:23:57 UTC] PHP   1. {main}() /home/ubuntu/workspace/php-mini-projs/chat-app/server.php:0
[12-Feb-2018 20:23:57 UTC] PHP   2. mysql_connect() /home/ubuntu/workspace/php-mini-projs/chat-app/server.php:12
[12-Feb-2018 20:23:59 UTC] PHP Warning:  mysql_connect(): Access denied for user ''@'localhost' (using password: NO) in /home/ubuntu/workspace/php-mini-projs/chat-app/server.php on line 12
[12-Feb-2018 20:23:59 UTC] PHP Stack trace:
[12-Feb-2018 20:23:59 UTC] PHP   1. {main}() /home/ubuntu/workspace/php-mini-projs/chat-app/server.php:0
[12-Feb-2018 20:23:59 UTC] PHP   2. mysql_connect() /home/ubuntu/workspace/php-mini-projs/chat-app/server.php:12
[12-Feb-2018 20:24:01 UTC] PHP Warning:  mysql_connect(): Access denied for user ''@'localhost' (using password: NO) in /home/ubuntu/workspace/php-mini-projs/chat-app/server.php on line 12
[12-Feb-2018 20:24:01 UTC] PHP Stack trace:
[12-Feb-2018 20:24:01 UTC] PHP   1. {main}() /home/ubuntu/workspace/php-mini-projs/chat-app/server.php:0
[12-Feb-2018 20:24:01 UTC] PHP   2. mysql_connect() /home/ubuntu/workspace/php-mini-projs/chat-app/server.php:12
[12-Feb-2018 20:24:02 UTC] PHP Warning:  mysql_connect(): Access denied for user ''@'localhost' (using password: NO) in /home/ubuntu/workspace/php-mini-projs/chat-app/server.php on line 12
[12-Feb-2018 20:24:02 UTC] PHP Stack trace:
[12-Feb-2018 20:24:02 UTC] PHP   1. {main}() /home/ubuntu/workspace/php-mini-projs/chat-app/server.php:0
[12-Feb-2018 20:24:02 UTC] PHP   2. mysql_connect() /home/ubuntu/workspace/php-mini-projs/chat-app/server.php:12
[12-Feb-2018 20:24:04 UTC] PHP Warning:  mysql_connect(): Access denied for user ''@'localhost' (using password: NO) in /home/ubuntu/workspace/php-mini-projs/chat-app/server.php on line 12
[12-Feb-2018 20:24:04 UTC] PHP Stack trace:
[12-Feb-2018 20:24:04 UTC] PHP   1. {main}() /home/ubuntu/workspace/php-mini-projs/chat-app/server.php:0
[12-Feb-2018 20:24:04 UTC] PHP   2. mysql_connect() /home/ubuntu/workspace/php-mini-projs/chat-app/server.php:12
[12-Feb-2018 20:24:05 UTC] PHP Warning:  mysql_connect(): Access denied for user ''@'localhost' (using password: NO) in /home/ubuntu/workspace/php-mini-projs/chat-app/server.php on line 12
[12-Feb-2018 20:24:05 UTC] PHP Stack trace:
[12-Feb-2018 20:24:05 UTC] PHP   1. {main}() /home/ubuntu/workspace/php-mini-projs/chat-app/server.php:0
[12-Feb-2018 20:24:05 UTC] PHP   2. mysql_connect() /home/ubuntu/workspace/php-mini-projs/chat-app/server.php:12
[12-Feb-2018 20:24:07 UTC] PHP Warning:  mysql_connect(): Access denied for user ''@'localhost' (using password: NO) in /home/ubuntu/workspace/php-mini-projs/chat-app/server.php on line 12
[12-Feb-2018 20:24:07 UTC] PHP Stack trace:
[12-Feb-2018 20:24:07 UTC] PHP   1. {main}() /home/ubuntu/workspace/php-mini-projs/chat-app/server.php:0
[12-Feb-2018 20:24:07 UTC] PHP   2. mysql_connect() /home/ubuntu/workspace/php-mini-projs/chat-app/server.php:12
[12-Feb-2018 20:24:10 UTC] PHP Warning:  mysql_connect(): Access denied for user ''@'localhost' (using password: NO) in /home/ubuntu/workspace/php-mini-projs/chat-app/server.php on line 12
[12-Feb-2018 20:24:10 UTC] PHP Stack trace:
[12-Feb-2018 20:24:10 UTC] PHP   1. {main}() /home/ubuntu/workspace/php-mini-projs/chat-app/server.php:0
[12-Feb-2018 20:24:10 UTC] PHP   2. mysql_connect() /home/ubuntu/workspace/php-mini-projs/chat-app/server.php:12
[12-Feb-2018 20:24:11 UTC] PHP Warning:  mysql_connect(): Access denied for user ''@'localhost' (using password: NO) in /home/ubuntu/workspace/php-mini-projs/chat-app/server.php on line 12
[12-Feb-2018 20:24:11 UTC] PHP Stack trace:
[12-Feb-2018 20:24:11 UTC] PHP   1. {main}() /home/ubuntu/workspace/php-mini-projs/chat-app/server.php:0
[12-Feb-2018 20:24:11 UTC] PHP   2. mysql_connect() /home/ubuntu/workspace/php-mini-projs/chat-app/server.php:12
[12-Feb-2018 20:24:12 UTC] PHP Warning:  mysql_connect(): Access denied for user ''@'localhost' (using password: NO) in /home/ubuntu/workspace/php-mini-projs/chat-app/server.php on line 12
[12-Feb-2018 20:24:12 UTC] PHP Stack trace:
[12-Feb-2018 20:24:12 UTC] PHP   1. {main}() /home/ubuntu/workspace/php-mini-projs/chat-app/server.php:0
[12-Feb-2018 20:24:12 UTC] PHP   2. mysql_connect() /home/ubuntu/workspace/php-mini-projs/chat-app/server.php:12
[12-Feb-2018 20:24:14 UTC] PHP Warning:  mysql_connect(): Access denied for user ''@'localhost' (using password: NO) in /home/ubuntu/workspace/php-mini-projs/chat-app/server.php on line 12
[12-Feb-2018 20:24:14 UTC] PHP Stack trace:
[12-Feb-2018 20:24:14 UTC] PHP   1. {main}() /home/ubuntu/workspace/php-mini-projs/chat-app/server.php:0
[12-Feb-2018 20:24:14 UTC] PHP   2. mysql_connect() /home/ubuntu/workspace/php-mini-projs/chat-app/server.php:12
[12-Feb-2018 20:24:16 UTC] PHP Warning:  mysql_connect(): Access denied for user ''@'localhost' (using password: NO) in /home/ubuntu/workspace/php-mini-projs/chat-app/server.php on line 12
[12-Feb-2018 20:24:16 UTC] PHP Stack trace:
[12-Feb-2018 20:24:16 UTC] PHP   1. {main}() /home/ubuntu/workspace/php-mini-projs/chat-app/server.php:0
[12-Feb-2018 20:24:16 UTC] PHP   2. mysql_connect() /home/ubuntu/workspace/php-mini-projs/chat-app/server.php:12
[12-Feb-2018 20:24:17 UTC] PHP Warning:  mysql_connect(): Access denied for user ''@'localhost' (using password: NO) in /home/ubuntu/workspace/php-mini-projs/chat-app/server.php on line 12
[12-Feb-2018 20:24:17 UTC] PHP Stack trace:
[12-Feb-2018 20:24:17 UTC] PHP   1. {main}() /home/ubuntu/workspace/php-mini-projs/chat-app/server.php:0
[12-Feb-2018 20:24:17 UTC] PHP   2. mysql_connect() /home/ubuntu/workspace/php-mini-projs/chat-app/server.php:12
[12-Feb-2018 20:24:19 UTC] PHP Warning:  mysql_connect(): Access denied for user ''@'localhost' (using password: NO) in /home/ubuntu/workspace/php-mini-projs/chat-app/server.php on line 12
[12-Feb-2018 20:24:19 UTC] PHP Stack trace:
[12-Feb-2018 20:24:19 UTC] PHP   1. {main}() /home/ubuntu/workspace/php-mini-projs/chat-app/server.php:0
[12-Feb-2018 20:24:19 UTC] PHP   2. mysql_connect() /home/ubuntu/workspace/php-mini-projs/chat-app/server.php:12
[12-Feb-2018 20:24:20 UTC] PHP Warning:  mysql_connect(): Access denied for user ''@'localhost' (using password: NO) in /home/ubuntu/workspace/php-mini-projs/chat-app/server.php on line 12
[12-Feb-2018 20:24:20 UTC] PHP Stack trace:
[12-Feb-2018 20:24:20 UTC] PHP   1. {main}() /home/ubuntu/workspace/php-mini-projs/chat-app/server.php:0
[12-Feb-2018 20:24:20 UTC] PHP   2. mysql_connect() /home/ubuntu/workspace/php-mini-projs/chat-app/server.php:12
[12-Feb-2018 20:24:22 UTC] PHP Warning:  mysql_connect(): Access denied for user ''@'localhost' (using password: NO) in /home/ubuntu/workspace/php-mini-projs/chat-app/server.php on line 12
[12-Feb-2018 20:24:22 UTC] PHP Stack trace:
[12-Feb-2018 20:24:22 UTC] PHP   1. {main}() /home/ubuntu/workspace/php-mini-projs/chat-app/server.php:0
[12-Feb-2018 20:24:22 UTC] PHP   2. mysql_connect() /home/ubuntu/workspace/php-mini-projs/chat-app/server.php:12
[12-Feb-2018 20:24:23 UTC] PHP Warning:  mysql_connect(): Access denied for user ''@'localhost' (using password: NO) in /home/ubuntu/workspace/php-mini-projs/chat-app/server.php on line 12
[12-Feb-2018 20:24:23 UTC] PHP Stack trace:
[12-Feb-2018 20:24:23 UTC] PHP   1. {main}() /home/ubuntu/workspace/php-mini-projs/chat-app/server.php:0
[12-Feb-2018 20:24:23 UTC] PHP   2. mysql_connect() /home/ubuntu/workspace/php-mini-projs/chat-app/server.php:12
[12-Feb-2018 20:24:24 UTC] PHP Warning:  mysql_connect(): Access denied for user ''@'localhost' (using password: NO) in /home/ubuntu/workspace/php-mini-projs/chat-app/server.php on line 12
[12-Feb-2018 20:24:24 UTC] PHP Stack trace:
[12-Feb-2018 20:24:24 UTC] PHP   1. {main}() /home/ubuntu/workspace/php-mini-projs/chat-app/server.php:0
[12-Feb-2018 20:24:24 UTC] PHP   2. mysql_connect() /home/ubuntu/workspace/php-mini-projs/chat-app/server.php:12
[12-Feb-2018 20:24:26 UTC] PHP Warning:  mysql_connect(): Access denied for user ''@'localhost' (using password: NO) in /home/ubuntu/workspace/php-mini-projs/chat-app/server.php on line 12
[12-Feb-2018 20:24:26 UTC] PHP Stack trace:
[12-Feb-2018 20:24:26 UTC] PHP   1. {main}() /home/ubuntu/workspace/php-mini-projs/chat-app/server.php:0
[12-Feb-2018 20:24:26 UTC] PHP   2. mysql_connect() /home/ubuntu/workspace/php-mini-projs/chat-app/server.php:12
[12-Feb-2018 20:24:28 UTC] PHP Warning:  mysql_connect(): Access denied for user ''@'localhost' (using password: NO) in /home/ubuntu/workspace/php-mini-projs/chat-app/server.php on line 12
[12-Feb-2018 20:24:28 UTC] PHP Stack trace:
[12-Feb-2018 20:24:28 UTC] PHP   1. {main}() /home/ubuntu/workspace/php-mini-projs/chat-app/server.php:0
[12-Feb-2018 20:24:28 UTC] PHP   2. mysql_connect() /home/ubuntu/workspace/php-mini-projs/chat-app/server.php:12
[12-Feb-2018 20:26:43 UTC] PHP Warning:  fread(): Length parameter must be greater than 0 in /home/ubuntu/workspace/php-mini-projs/chat-app/w.php on line 67
[12-Feb-2018 20:26:43 UTC] PHP Stack trace:
[12-Feb-2018 20:26:43 UTC] PHP   1. {main}() /home/ubuntu/workspace/php-mini-projs/chat-app/w.php:0
[12-Feb-2018 20:26:43 UTC] PHP   2. fread() /home/ubuntu/workspace/php-mini-projs/chat-app/w.php:67
